17/03/07 13:35:57 ERROR impl.ApexStreamImpl: Adding an operator[Lorg.apache.apex.malhar.stream.api.Option;@6c977c1f
17/03/07 13:35:57 ERROR impl.ApexStreamImpl: Adding Python generic  operator
17/03/07 13:35:57 ERROR impl.ApexStreamImpl: Adding an operator[Lorg.apache.apex.malhar.stream.api.Option;@16392c27
17/03/07 13:35:57 ERROR impl.ApexStreamImpl: Adding console operator
17/03/07 13:35:57 ERROR impl.ApexStreamImpl: Adding an operator[Lorg.apache.apex.malhar.stream.api.Option;@36ac1596
17/03/07 13:35:57 ERROR python.PythonApp: Populating DAG in python app
17/03/07 13:35:57 ERROR python.PythonApp: DAG VALUE LIBRARY JARS/home/vikram/.m2/repository/net/sf/py4j/py4j/0.8.1/py4j-0.8.1.jar
17/03/07 13:35:57 INFO client.RMProxy: Connecting to ResourceManager at /0.0.0.0:8032
17/03/07 13:35:58 INFO stram.StramClient: Local jar file dependencies: [/home/vikram/.m2/repository/org/apache/apex/malhar-library/3.7.0-SNAPSHOT/malhar-library-3.7.0-SNAPSHOT.jar, /home/vikram/.m2/repository/org/apache/apex/malhar-stream/3.7.0-SNAPSHOT/malhar-stream-3.7.0-SNAPSHOT.jar, /home/vikram/.m2/repository/org/apache/apex/apex-api/3.6.0-SNAPSHOT/apex-api-3.6.0-SNAPSHOT.jar, /home/vikram/.m2/repository/org/apache/apex/apex-common/3.4.0/apex-common-3.4.0.jar, /home/vikram/.m2/repository/com/datatorrent/netlet/1.3.0/netlet-1.3.0.jar, /home/vikram/.m2/repository/org/apache/apex/apex-bufferserver/3.4.0/apex-bufferserver-3.4.0.jar, /home/vikram/.m2/repository/org/apache/apex/apex-engine/3.4.0/apex-engine-3.4.0.jar, /home/vikram/.m2/repository/javax/validation/validation-api/1.1.0.Final/validation-api-1.1.0.Final.jar, /home/vikram/.m2/repository/com/esotericsoftware/kryo/kryo/2.24.0/kryo-2.24.0.jar, /home/vikram/.m2/repository/org/apache/bval/bval-jsr303/0.5/bval-jsr303-0.5.jar, /home/vikram/.m2/repository/org/apache/bval/bval-core/0.5/bval-core-0.5.jar, /home/vikram/.m2/repository/org/apache/commons/commons-lang3/3.1/commons-lang3-3.1.jar, /home/vikram/.m2/repository/net/engio/mbassador/1.1.9/mbassador-1.1.9.jar, /home/vikram/.m2/repository/org/apache/apex/apex-shaded-ning19/1.0.0/apex-shaded-ning19-1.0.0.jar, /home/vikram/.m2/repository/org/codehaus/jackson/jackson-core-asl/1.9.2/jackson-core-asl-1.9.2.jar, /home/vikram/.m2/repository/org/codehaus/jackson/jackson-mapper-asl/1.9.2/jackson-mapper-asl-1.9.2.jar, /home/vikram/.m2/repository/commons-beanutils/commons-beanutils/1.8.3/commons-beanutils-1.8.3.jar, /home/vikram/.m2/repository/org/apache/httpcomponents/httpclient/4.3.5/httpclient-4.3.5.jar, /home/vikram/.m2/repository/org/apache/httpcomponents/httpcore/4.3.2/httpcore-4.3.2.jar, /home/vikram/.m2/repository/com/esotericsoftware/minlog/minlog/1.2/minlog-1.2.jar, /home/vikram/.m2/repository/org/apache/xbean/xbean-asm5-shaded/4.3/xbean-asm5-shaded-4.3.jar, /home/vikram/.m2/repository/com/sun/jersey/jersey-client/1.9/jersey-client-1.9.jar, /home/vikram/.m2/repository/com/sun/jersey/contribs/jersey-apache-client4/1.9/jersey-apache-client4-1.9.jar, /home/vikram/.m2/repository/org/jctools/jctools-core/1.1/jctools-core-1.1.jar, /home/vikram/.m2/repository/net/sf/py4j/py4j/0.8.1/py4j-0.8.1.jar]
17/03/07 13:35:58 INFO stram.StramClient: Got Cluster metric info from ASM, numNodeManagers=1
17/03/07 13:35:58 INFO stram.StramClient: User ACL Info for Queue queueName=root, userAcl=SUBMIT_APPLICATIONS
17/03/07 13:35:58 INFO stram.StramClient: User ACL Info for Queue queueName=root, userAcl=ADMINISTER_QUEUE
17/03/07 13:35:58 INFO stram.StramClient: User ACL Info for Queue queueName=default, userAcl=SUBMIT_APPLICATIONS
17/03/07 13:35:58 INFO stram.StramClient: User ACL Info for Queue queueName=default, userAcl=ADMINISTER_QUEUE
17/03/07 13:35:58 INFO stram.StramClient: Max mem capability of resources in this cluster 8192
17/03/07 13:35:58 INFO stram.StramClient: Setting up application submission context for ASM
17/03/07 13:35:59 INFO stram.StramClient: Copy /home/vikram/.m2/repository/org/apache/apex/malhar-library/3.7.0-SNAPSHOT/malhar-library-3.7.0-SNAPSHOT.jar from local filesystem to hdfs://localhost:9000/user/vikram/datatorrent/apps/application_1488862535353_0022/malhar-library-3.7.0-SNAPSHOT.jar
17/03/07 13:35:59 INFO stram.StramClient: Copy /home/vikram/.m2/repository/org/apache/apex/malhar-stream/3.7.0-SNAPSHOT/malhar-stream-3.7.0-SNAPSHOT.jar from local filesystem to hdfs://localhost:9000/user/vikram/datatorrent/apps/application_1488862535353_0022/malhar-stream-3.7.0-SNAPSHOT.jar
17/03/07 13:35:59 INFO stram.StramClient: Copy /home/vikram/.m2/repository/org/apache/apex/apex-api/3.6.0-SNAPSHOT/apex-api-3.6.0-SNAPSHOT.jar from local filesystem to hdfs://localhost:9000/user/vikram/datatorrent/apps/application_1488862535353_0022/apex-api-3.6.0-SNAPSHOT.jar
17/03/07 13:35:59 INFO stram.StramClient: Copy /home/vikram/.m2/repository/org/apache/apex/apex-common/3.4.0/apex-common-3.4.0.jar from local filesystem to hdfs://localhost:9000/user/vikram/datatorrent/apps/application_1488862535353_0022/apex-common-3.4.0.jar
17/03/07 13:35:59 INFO stram.StramClient: Copy /home/vikram/.m2/repository/com/datatorrent/netlet/1.3.0/netlet-1.3.0.jar from local filesystem to hdfs://localhost:9000/user/vikram/datatorrent/apps/application_1488862535353_0022/netlet-1.3.0.jar
17/03/07 13:35:59 INFO stram.StramClient: Copy /home/vikram/.m2/repository/org/apache/apex/apex-bufferserver/3.4.0/apex-bufferserver-3.4.0.jar from local filesystem to hdfs://localhost:9000/user/vikram/datatorrent/apps/application_1488862535353_0022/apex-bufferserver-3.4.0.jar
17/03/07 13:35:59 INFO stram.StramClient: Copy /home/vikram/.m2/repository/org/apache/apex/apex-engine/3.4.0/apex-engine-3.4.0.jar from local filesystem to hdfs://localhost:9000/user/vikram/datatorrent/apps/application_1488862535353_0022/apex-engine-3.4.0.jar
17/03/07 13:35:59 INFO stram.StramClient: Copy /home/vikram/.m2/repository/javax/validation/validation-api/1.1.0.Final/validation-api-1.1.0.Final.jar from local filesystem to hdfs://localhost:9000/user/vikram/datatorrent/apps/application_1488862535353_0022/validation-api-1.1.0.Final.jar
17/03/07 13:35:59 INFO stram.StramClient: Copy /home/vikram/.m2/repository/com/esotericsoftware/kryo/kryo/2.24.0/kryo-2.24.0.jar from local filesystem to hdfs://localhost:9000/user/vikram/datatorrent/apps/application_1488862535353_0022/kryo-2.24.0.jar
17/03/07 13:35:59 INFO stram.StramClient: Copy /home/vikram/.m2/repository/org/apache/bval/bval-jsr303/0.5/bval-jsr303-0.5.jar from local filesystem to hdfs://localhost:9000/user/vikram/datatorrent/apps/application_1488862535353_0022/bval-jsr303-0.5.jar
17/03/07 13:35:59 INFO stram.StramClient: Copy /home/vikram/.m2/repository/org/apache/bval/bval-core/0.5/bval-core-0.5.jar from local filesystem to hdfs://localhost:9000/user/vikram/datatorrent/apps/application_1488862535353_0022/bval-core-0.5.jar
17/03/07 13:35:59 INFO stram.StramClient: Copy /home/vikram/.m2/repository/org/apache/commons/commons-lang3/3.1/commons-lang3-3.1.jar from local filesystem to hdfs://localhost:9000/user/vikram/datatorrent/apps/application_1488862535353_0022/commons-lang3-3.1.jar
17/03/07 13:35:59 INFO stram.StramClient: Copy /home/vikram/.m2/repository/net/engio/mbassador/1.1.9/mbassador-1.1.9.jar from local filesystem to hdfs://localhost:9000/user/vikram/datatorrent/apps/application_1488862535353_0022/mbassador-1.1.9.jar
17/03/07 13:35:59 INFO stram.StramClient: Copy /home/vikram/.m2/repository/org/apache/apex/apex-shaded-ning19/1.0.0/apex-shaded-ning19-1.0.0.jar from local filesystem to hdfs://localhost:9000/user/vikram/datatorrent/apps/application_1488862535353_0022/apex-shaded-ning19-1.0.0.jar
17/03/07 13:35:59 INFO stram.StramClient: Copy /home/vikram/.m2/repository/org/codehaus/jackson/jackson-core-asl/1.9.2/jackson-core-asl-1.9.2.jar from local filesystem to hdfs://localhost:9000/user/vikram/datatorrent/apps/application_1488862535353_0022/jackson-core-asl-1.9.2.jar
17/03/07 13:35:59 INFO stram.StramClient: Copy /home/vikram/.m2/repository/org/codehaus/jackson/jackson-mapper-asl/1.9.2/jackson-mapper-asl-1.9.2.jar from local filesystem to hdfs://localhost:9000/user/vikram/datatorrent/apps/application_1488862535353_0022/jackson-mapper-asl-1.9.2.jar
17/03/07 13:35:59 INFO stram.StramClient: Copy /home/vikram/.m2/repository/commons-beanutils/commons-beanutils/1.8.3/commons-beanutils-1.8.3.jar from local filesystem to hdfs://localhost:9000/user/vikram/datatorrent/apps/application_1488862535353_0022/commons-beanutils-1.8.3.jar
17/03/07 13:35:59 INFO stram.StramClient: Copy /home/vikram/.m2/repository/org/apache/httpcomponents/httpclient/4.3.5/httpclient-4.3.5.jar from local filesystem to hdfs://localhost:9000/user/vikram/datatorrent/apps/application_1488862535353_0022/httpclient-4.3.5.jar
17/03/07 13:35:59 INFO stram.StramClient: Copy /home/vikram/.m2/repository/org/apache/httpcomponents/httpcore/4.3.2/httpcore-4.3.2.jar from local filesystem to hdfs://localhost:9000/user/vikram/datatorrent/apps/application_1488862535353_0022/httpcore-4.3.2.jar
17/03/07 13:35:59 INFO stram.StramClient: Copy /home/vikram/.m2/repository/com/esotericsoftware/minlog/minlog/1.2/minlog-1.2.jar from local filesystem to hdfs://localhost:9000/user/vikram/datatorrent/apps/application_1488862535353_0022/minlog-1.2.jar
17/03/07 13:35:59 INFO stram.StramClient: Copy /home/vikram/.m2/repository/org/apache/xbean/xbean-asm5-shaded/4.3/xbean-asm5-shaded-4.3.jar from local filesystem to hdfs://localhost:9000/user/vikram/datatorrent/apps/application_1488862535353_0022/xbean-asm5-shaded-4.3.jar
17/03/07 13:35:59 INFO stram.StramClient: Copy /home/vikram/.m2/repository/com/sun/jersey/jersey-client/1.9/jersey-client-1.9.jar from local filesystem to hdfs://localhost:9000/user/vikram/datatorrent/apps/application_1488862535353_0022/jersey-client-1.9.jar
17/03/07 13:35:59 INFO stram.StramClient: Copy /home/vikram/.m2/repository/com/sun/jersey/contribs/jersey-apache-client4/1.9/jersey-apache-client4-1.9.jar from local filesystem to hdfs://localhost:9000/user/vikram/datatorrent/apps/application_1488862535353_0022/jersey-apache-client4-1.9.jar
17/03/07 13:35:59 INFO stram.StramClient: Copy /home/vikram/.m2/repository/org/jctools/jctools-core/1.1/jctools-core-1.1.jar from local filesystem to hdfs://localhost:9000/user/vikram/datatorrent/apps/application_1488862535353_0022/jctools-core-1.1.jar
17/03/07 13:36:00 INFO stram.StramClient: Copy /home/vikram/.m2/repository/net/sf/py4j/py4j/0.8.1/py4j-0.8.1.jar from local filesystem to hdfs://localhost:9000/user/vikram/datatorrent/apps/application_1488862535353_0022/py4j-0.8.1.jar
17/03/07 13:36:00 INFO stram.StramClient: libjars: hdfs://localhost:9000/user/vikram/datatorrent/apps/application_1488862535353_0022/malhar-library-3.7.0-SNAPSHOT.jar,hdfs://localhost:9000/user/vikram/datatorrent/apps/application_1488862535353_0022/malhar-stream-3.7.0-SNAPSHOT.jar,hdfs://localhost:9000/user/vikram/datatorrent/apps/application_1488862535353_0022/apex-api-3.6.0-SNAPSHOT.jar,hdfs://localhost:9000/user/vikram/datatorrent/apps/application_1488862535353_0022/apex-common-3.4.0.jar,hdfs://localhost:9000/user/vikram/datatorrent/apps/application_1488862535353_0022/netlet-1.3.0.jar,hdfs://localhost:9000/user/vikram/datatorrent/apps/application_1488862535353_0022/apex-bufferserver-3.4.0.jar,hdfs://localhost:9000/user/vikram/datatorrent/apps/application_1488862535353_0022/apex-engine-3.4.0.jar,hdfs://localhost:9000/user/vikram/datatorrent/apps/application_1488862535353_0022/validation-api-1.1.0.Final.jar,hdfs://localhost:9000/user/vikram/datatorrent/apps/application_1488862535353_0022/kryo-2.24.0.jar,hdfs://localhost:9000/user/vikram/datatorrent/apps/application_1488862535353_0022/bval-jsr303-0.5.jar,hdfs://localhost:9000/user/vikram/datatorrent/apps/application_1488862535353_0022/bval-core-0.5.jar,hdfs://localhost:9000/user/vikram/datatorrent/apps/application_1488862535353_0022/commons-lang3-3.1.jar,hdfs://localhost:9000/user/vikram/datatorrent/apps/application_1488862535353_0022/mbassador-1.1.9.jar,hdfs://localhost:9000/user/vikram/datatorrent/apps/application_1488862535353_0022/apex-shaded-ning19-1.0.0.jar,hdfs://localhost:9000/user/vikram/datatorrent/apps/application_1488862535353_0022/jackson-core-asl-1.9.2.jar,hdfs://localhost:9000/user/vikram/datatorrent/apps/application_1488862535353_0022/jackson-mapper-asl-1.9.2.jar,hdfs://localhost:9000/user/vikram/datatorrent/apps/application_1488862535353_0022/commons-beanutils-1.8.3.jar,hdfs://localhost:9000/user/vikram/datatorrent/apps/application_1488862535353_0022/httpclient-4.3.5.jar,hdfs://localhost:9000/user/vikram/datatorrent/apps/application_1488862535353_0022/httpcore-4.3.2.jar,hdfs://localhost:9000/user/vikram/datatorrent/apps/application_1488862535353_0022/minlog-1.2.jar,hdfs://localhost:9000/user/vikram/datatorrent/apps/application_1488862535353_0022/xbean-asm5-shaded-4.3.jar,hdfs://localhost:9000/user/vikram/datatorrent/apps/application_1488862535353_0022/jersey-client-1.9.jar,hdfs://localhost:9000/user/vikram/datatorrent/apps/application_1488862535353_0022/jersey-apache-client4-1.9.jar,hdfs://localhost:9000/user/vikram/datatorrent/apps/application_1488862535353_0022/jctools-core-1.1.jar,hdfs://localhost:9000/user/vikram/datatorrent/apps/application_1488862535353_0022/py4j-0.8.1.jar
17/03/07 13:36:00 INFO stram.StramClient: Set the environment for the application master
17/03/07 13:36:00 INFO stram.StramClient: Setting up app master command
17/03/07 13:36:00 INFO stram.StramClient: Completed setting up app master command ${JAVA_HOME}/bin/java -Djava.io.tmpdir=$PWD/tmp -Xmx768m -XX:+HeapDumpOnOutOfMemoryError -XX:HeapDumpPath=/tmp/dt-heap-22.bin -Dhadoop.root.logger=INFO,RFA -Dhadoop.log.dir=<LOG_DIR> -Ddt.attr.APPLICATION_PATH=hdfs://localhost:9000/user/vikram/datatorrent/apps/application_1488862535353_0022 com.datatorrent.stram.StreamingAppMaster 1><LOG_DIR>/AppMaster.stdout 2><LOG_DIR>/AppMaster.stderr 
17/03/07 13:36:00 INFO stram.StramClient: Submitting application: {name=dummy, queue=null, user=vikram (auth:SIMPLE), resource=<memory:1024, vCores:0>}
17/03/07 13:36:00 INFO impl.YarnClientImpl: Submitted application application_1488862535353_0022
17/03/07 13:36:36 ERROR impl.ApexStreamImpl: Adding an operator[Lorg.apache.apex.malhar.stream.api.Option;@4768fcbe
17/03/07 13:36:36 ERROR impl.ApexStreamImpl: Adding Python generic  operator
17/03/07 13:36:36 ERROR impl.ApexStreamImpl: Adding an operator[Lorg.apache.apex.malhar.stream.api.Option;@75560ab3
17/03/07 13:36:36 ERROR impl.ApexStreamImpl: Adding console operator
17/03/07 13:36:36 ERROR impl.ApexStreamImpl: Adding an operator[Lorg.apache.apex.malhar.stream.api.Option;@63bd3d37
17/03/07 13:36:36 ERROR python.PythonApp: Populating DAG in python app
17/03/07 13:36:36 ERROR python.PythonApp: DAG VALUE LIBRARY JARS/home/vikram/.m2/repository/net/sf/py4j/py4j/0.8.1/py4j-0.8.1.jar
17/03/07 13:36:36 INFO client.RMProxy: Connecting to ResourceManager at /0.0.0.0:8032
17/03/07 13:36:36 INFO stram.StramClient: Local jar file dependencies: [/home/vikram/.m2/repository/org/apache/apex/malhar-library/3.7.0-SNAPSHOT/malhar-library-3.7.0-SNAPSHOT.jar, /home/vikram/.m2/repository/org/apache/apex/malhar-stream/3.7.0-SNAPSHOT/malhar-stream-3.7.0-SNAPSHOT.jar, /home/vikram/.m2/repository/org/apache/apex/apex-api/3.6.0-SNAPSHOT/apex-api-3.6.0-SNAPSHOT.jar, /home/vikram/.m2/repository/org/apache/apex/apex-common/3.4.0/apex-common-3.4.0.jar, /home/vikram/.m2/repository/com/datatorrent/netlet/1.3.0/netlet-1.3.0.jar, /home/vikram/.m2/repository/org/apache/apex/apex-bufferserver/3.4.0/apex-bufferserver-3.4.0.jar, /home/vikram/.m2/repository/org/apache/apex/apex-engine/3.4.0/apex-engine-3.4.0.jar, /home/vikram/.m2/repository/javax/validation/validation-api/1.1.0.Final/validation-api-1.1.0.Final.jar, /home/vikram/.m2/repository/com/esotericsoftware/kryo/kryo/2.24.0/kryo-2.24.0.jar, /home/vikram/.m2/repository/org/apache/bval/bval-jsr303/0.5/bval-jsr303-0.5.jar, /home/vikram/.m2/repository/org/apache/bval/bval-core/0.5/bval-core-0.5.jar, /home/vikram/.m2/repository/org/apache/commons/commons-lang3/3.1/commons-lang3-3.1.jar, /home/vikram/.m2/repository/net/engio/mbassador/1.1.9/mbassador-1.1.9.jar, /home/vikram/.m2/repository/org/apache/apex/apex-shaded-ning19/1.0.0/apex-shaded-ning19-1.0.0.jar, /home/vikram/.m2/repository/org/codehaus/jackson/jackson-core-asl/1.9.2/jackson-core-asl-1.9.2.jar, /home/vikram/.m2/repository/org/codehaus/jackson/jackson-mapper-asl/1.9.2/jackson-mapper-asl-1.9.2.jar, /home/vikram/.m2/repository/commons-beanutils/commons-beanutils/1.8.3/commons-beanutils-1.8.3.jar, /home/vikram/.m2/repository/org/apache/httpcomponents/httpclient/4.3.5/httpclient-4.3.5.jar, /home/vikram/.m2/repository/org/apache/httpcomponents/httpcore/4.3.2/httpcore-4.3.2.jar, /home/vikram/.m2/repository/com/esotericsoftware/minlog/minlog/1.2/minlog-1.2.jar, /home/vikram/.m2/repository/org/apache/xbean/xbean-asm5-shaded/4.3/xbean-asm5-shaded-4.3.jar, /home/vikram/.m2/repository/com/sun/jersey/jersey-client/1.9/jersey-client-1.9.jar, /home/vikram/.m2/repository/com/sun/jersey/contribs/jersey-apache-client4/1.9/jersey-apache-client4-1.9.jar, /home/vikram/.m2/repository/org/jctools/jctools-core/1.1/jctools-core-1.1.jar, /home/vikram/.m2/repository/net/sf/py4j/py4j/0.8.1/py4j-0.8.1.jar]
17/03/07 13:36:36 INFO stram.StramClient: Got Cluster metric info from ASM, numNodeManagers=1
17/03/07 13:36:36 INFO stram.StramClient: User ACL Info for Queue queueName=root, userAcl=SUBMIT_APPLICATIONS
17/03/07 13:36:36 INFO stram.StramClient: User ACL Info for Queue queueName=root, userAcl=ADMINISTER_QUEUE
17/03/07 13:36:36 INFO stram.StramClient: User ACL Info for Queue queueName=default, userAcl=SUBMIT_APPLICATIONS
17/03/07 13:36:36 INFO stram.StramClient: User ACL Info for Queue queueName=default, userAcl=ADMINISTER_QUEUE
17/03/07 13:36:36 INFO stram.StramClient: Max mem capability of resources in this cluster 8192
17/03/07 13:36:36 INFO stram.StramClient: Setting up application submission context for ASM
17/03/07 13:36:36 INFO stram.StramClient: Copy /home/vikram/.m2/repository/org/apache/apex/malhar-library/3.7.0-SNAPSHOT/malhar-library-3.7.0-SNAPSHOT.jar from local filesystem to hdfs://localhost:9000/user/vikram/datatorrent/apps/application_1488862535353_0023/malhar-library-3.7.0-SNAPSHOT.jar
17/03/07 13:36:36 INFO stram.StramClient: Copy /home/vikram/.m2/repository/org/apache/apex/malhar-stream/3.7.0-SNAPSHOT/malhar-stream-3.7.0-SNAPSHOT.jar from local filesystem to hdfs://localhost:9000/user/vikram/datatorrent/apps/application_1488862535353_0023/malhar-stream-3.7.0-SNAPSHOT.jar
17/03/07 13:36:36 INFO stram.StramClient: Copy /home/vikram/.m2/repository/org/apache/apex/apex-api/3.6.0-SNAPSHOT/apex-api-3.6.0-SNAPSHOT.jar from local filesystem to hdfs://localhost:9000/user/vikram/datatorrent/apps/application_1488862535353_0023/apex-api-3.6.0-SNAPSHOT.jar
17/03/07 13:36:36 INFO stram.StramClient: Copy /home/vikram/.m2/repository/org/apache/apex/apex-common/3.4.0/apex-common-3.4.0.jar from local filesystem to hdfs://localhost:9000/user/vikram/datatorrent/apps/application_1488862535353_0023/apex-common-3.4.0.jar
17/03/07 13:36:36 INFO stram.StramClient: Copy /home/vikram/.m2/repository/com/datatorrent/netlet/1.3.0/netlet-1.3.0.jar from local filesystem to hdfs://localhost:9000/user/vikram/datatorrent/apps/application_1488862535353_0023/netlet-1.3.0.jar
17/03/07 13:36:36 INFO stram.StramClient: Copy /home/vikram/.m2/repository/org/apache/apex/apex-bufferserver/3.4.0/apex-bufferserver-3.4.0.jar from local filesystem to hdfs://localhost:9000/user/vikram/datatorrent/apps/application_1488862535353_0023/apex-bufferserver-3.4.0.jar
17/03/07 13:36:36 INFO stram.StramClient: Copy /home/vikram/.m2/repository/org/apache/apex/apex-engine/3.4.0/apex-engine-3.4.0.jar from local filesystem to hdfs://localhost:9000/user/vikram/datatorrent/apps/application_1488862535353_0023/apex-engine-3.4.0.jar
17/03/07 13:36:36 INFO stram.StramClient: Copy /home/vikram/.m2/repository/javax/validation/validation-api/1.1.0.Final/validation-api-1.1.0.Final.jar from local filesystem to hdfs://localhost:9000/user/vikram/datatorrent/apps/application_1488862535353_0023/validation-api-1.1.0.Final.jar
17/03/07 13:36:36 INFO stram.StramClient: Copy /home/vikram/.m2/repository/com/esotericsoftware/kryo/kryo/2.24.0/kryo-2.24.0.jar from local filesystem to hdfs://localhost:9000/user/vikram/datatorrent/apps/application_1488862535353_0023/kryo-2.24.0.jar
17/03/07 13:36:36 INFO stram.StramClient: Copy /home/vikram/.m2/repository/org/apache/bval/bval-jsr303/0.5/bval-jsr303-0.5.jar from local filesystem to hdfs://localhost:9000/user/vikram/datatorrent/apps/application_1488862535353_0023/bval-jsr303-0.5.jar
17/03/07 13:36:36 INFO stram.StramClient: Copy /home/vikram/.m2/repository/org/apache/bval/bval-core/0.5/bval-core-0.5.jar from local filesystem to hdfs://localhost:9000/user/vikram/datatorrent/apps/application_1488862535353_0023/bval-core-0.5.jar
17/03/07 13:36:36 INFO stram.StramClient: Copy /home/vikram/.m2/repository/org/apache/commons/commons-lang3/3.1/commons-lang3-3.1.jar from local filesystem to hdfs://localhost:9000/user/vikram/datatorrent/apps/application_1488862535353_0023/commons-lang3-3.1.jar
17/03/07 13:36:36 INFO stram.StramClient: Copy /home/vikram/.m2/repository/net/engio/mbassador/1.1.9/mbassador-1.1.9.jar from local filesystem to hdfs://localhost:9000/user/vikram/datatorrent/apps/application_1488862535353_0023/mbassador-1.1.9.jar
17/03/07 13:36:36 INFO stram.StramClient: Copy /home/vikram/.m2/repository/org/apache/apex/apex-shaded-ning19/1.0.0/apex-shaded-ning19-1.0.0.jar from local filesystem to hdfs://localhost:9000/user/vikram/datatorrent/apps/application_1488862535353_0023/apex-shaded-ning19-1.0.0.jar
17/03/07 13:36:36 INFO stram.StramClient: Copy /home/vikram/.m2/repository/org/codehaus/jackson/jackson-core-asl/1.9.2/jackson-core-asl-1.9.2.jar from local filesystem to hdfs://localhost:9000/user/vikram/datatorrent/apps/application_1488862535353_0023/jackson-core-asl-1.9.2.jar
17/03/07 13:36:36 INFO stram.StramClient: Copy /home/vikram/.m2/repository/org/codehaus/jackson/jackson-mapper-asl/1.9.2/jackson-mapper-asl-1.9.2.jar from local filesystem to hdfs://localhost:9000/user/vikram/datatorrent/apps/application_1488862535353_0023/jackson-mapper-asl-1.9.2.jar
17/03/07 13:36:36 INFO stram.StramClient: Copy /home/vikram/.m2/repository/commons-beanutils/commons-beanutils/1.8.3/commons-beanutils-1.8.3.jar from local filesystem to hdfs://localhost:9000/user/vikram/datatorrent/apps/application_1488862535353_0023/commons-beanutils-1.8.3.jar
17/03/07 13:36:36 INFO stram.StramClient: Copy /home/vikram/.m2/repository/org/apache/httpcomponents/httpclient/4.3.5/httpclient-4.3.5.jar from local filesystem to hdfs://localhost:9000/user/vikram/datatorrent/apps/application_1488862535353_0023/httpclient-4.3.5.jar
17/03/07 13:36:36 INFO stram.StramClient: Copy /home/vikram/.m2/repository/org/apache/httpcomponents/httpcore/4.3.2/httpcore-4.3.2.jar from local filesystem to hdfs://localhost:9000/user/vikram/datatorrent/apps/application_1488862535353_0023/httpcore-4.3.2.jar
17/03/07 13:36:36 INFO stram.StramClient: Copy /home/vikram/.m2/repository/com/esotericsoftware/minlog/minlog/1.2/minlog-1.2.jar from local filesystem to hdfs://localhost:9000/user/vikram/datatorrent/apps/application_1488862535353_0023/minlog-1.2.jar
17/03/07 13:36:36 INFO stram.StramClient: Copy /home/vikram/.m2/repository/org/apache/xbean/xbean-asm5-shaded/4.3/xbean-asm5-shaded-4.3.jar from local filesystem to hdfs://localhost:9000/user/vikram/datatorrent/apps/application_1488862535353_0023/xbean-asm5-shaded-4.3.jar
17/03/07 13:36:36 INFO stram.StramClient: Copy /home/vikram/.m2/repository/com/sun/jersey/jersey-client/1.9/jersey-client-1.9.jar from local filesystem to hdfs://localhost:9000/user/vikram/datatorrent/apps/application_1488862535353_0023/jersey-client-1.9.jar
17/03/07 13:36:36 INFO stram.StramClient: Copy /home/vikram/.m2/repository/com/sun/jersey/contribs/jersey-apache-client4/1.9/jersey-apache-client4-1.9.jar from local filesystem to hdfs://localhost:9000/user/vikram/datatorrent/apps/application_1488862535353_0023/jersey-apache-client4-1.9.jar
17/03/07 13:36:36 INFO stram.StramClient: Copy /home/vikram/.m2/repository/org/jctools/jctools-core/1.1/jctools-core-1.1.jar from local filesystem to hdfs://localhost:9000/user/vikram/datatorrent/apps/application_1488862535353_0023/jctools-core-1.1.jar
17/03/07 13:36:36 INFO stram.StramClient: Copy /home/vikram/.m2/repository/net/sf/py4j/py4j/0.8.1/py4j-0.8.1.jar from local filesystem to hdfs://localhost:9000/user/vikram/datatorrent/apps/application_1488862535353_0023/py4j-0.8.1.jar
17/03/07 13:36:36 INFO stram.StramClient: libjars: hdfs://localhost:9000/user/vikram/datatorrent/apps/application_1488862535353_0023/malhar-library-3.7.0-SNAPSHOT.jar,hdfs://localhost:9000/user/vikram/datatorrent/apps/application_1488862535353_0023/malhar-stream-3.7.0-SNAPSHOT.jar,hdfs://localhost:9000/user/vikram/datatorrent/apps/application_1488862535353_0023/apex-api-3.6.0-SNAPSHOT.jar,hdfs://localhost:9000/user/vikram/datatorrent/apps/application_1488862535353_0023/apex-common-3.4.0.jar,hdfs://localhost:9000/user/vikram/datatorrent/apps/application_1488862535353_0023/netlet-1.3.0.jar,hdfs://localhost:9000/user/vikram/datatorrent/apps/application_1488862535353_0023/apex-bufferserver-3.4.0.jar,hdfs://localhost:9000/user/vikram/datatorrent/apps/application_1488862535353_0023/apex-engine-3.4.0.jar,hdfs://localhost:9000/user/vikram/datatorrent/apps/application_1488862535353_0023/validation-api-1.1.0.Final.jar,hdfs://localhost:9000/user/vikram/datatorrent/apps/application_1488862535353_0023/kryo-2.24.0.jar,hdfs://localhost:9000/user/vikram/datatorrent/apps/application_1488862535353_0023/bval-jsr303-0.5.jar,hdfs://localhost:9000/user/vikram/datatorrent/apps/application_1488862535353_0023/bval-core-0.5.jar,hdfs://localhost:9000/user/vikram/datatorrent/apps/application_1488862535353_0023/commons-lang3-3.1.jar,hdfs://localhost:9000/user/vikram/datatorrent/apps/application_1488862535353_0023/mbassador-1.1.9.jar,hdfs://localhost:9000/user/vikram/datatorrent/apps/application_1488862535353_0023/apex-shaded-ning19-1.0.0.jar,hdfs://localhost:9000/user/vikram/datatorrent/apps/application_1488862535353_0023/jackson-core-asl-1.9.2.jar,hdfs://localhost:9000/user/vikram/datatorrent/apps/application_1488862535353_0023/jackson-mapper-asl-1.9.2.jar,hdfs://localhost:9000/user/vikram/datatorrent/apps/application_1488862535353_0023/commons-beanutils-1.8.3.jar,hdfs://localhost:9000/user/vikram/datatorrent/apps/application_1488862535353_0023/httpclient-4.3.5.jar,hdfs://localhost:9000/user/vikram/datatorrent/apps/application_1488862535353_0023/httpcore-4.3.2.jar,hdfs://localhost:9000/user/vikram/datatorrent/apps/application_1488862535353_0023/minlog-1.2.jar,hdfs://localhost:9000/user/vikram/datatorrent/apps/application_1488862535353_0023/xbean-asm5-shaded-4.3.jar,hdfs://localhost:9000/user/vikram/datatorrent/apps/application_1488862535353_0023/jersey-client-1.9.jar,hdfs://localhost:9000/user/vikram/datatorrent/apps/application_1488862535353_0023/jersey-apache-client4-1.9.jar,hdfs://localhost:9000/user/vikram/datatorrent/apps/application_1488862535353_0023/jctools-core-1.1.jar,hdfs://localhost:9000/user/vikram/datatorrent/apps/application_1488862535353_0023/py4j-0.8.1.jar
17/03/07 13:36:36 INFO stram.StramClient: Set the environment for the application master
17/03/07 13:36:36 INFO stram.StramClient: Setting up app master command
17/03/07 13:36:36 INFO stram.StramClient: Completed setting up app master command ${JAVA_HOME}/bin/java -Djava.io.tmpdir=$PWD/tmp -Xmx768m -XX:+HeapDumpOnOutOfMemoryError -XX:HeapDumpPath=/tmp/dt-heap-23.bin -Dhadoop.root.logger=INFO,RFA -Dhadoop.log.dir=<LOG_DIR> -Ddt.attr.APPLICATION_PATH=hdfs://localhost:9000/user/vikram/datatorrent/apps/application_1488862535353_0023 com.datatorrent.stram.StreamingAppMaster 1><LOG_DIR>/AppMaster.stdout 2><LOG_DIR>/AppMaster.stderr 
17/03/07 13:36:36 INFO stram.StramClient: Submitting application: {name=dummy, queue=null, user=vikram (auth:SIMPLE), resource=<memory:1024, vCores:0>}
17/03/07 13:36:36 INFO impl.YarnClientImpl: Submitted application application_1488862535353_0023
17/03/07 13:59:31 ERROR impl.ApexStreamImpl: Adding an operator[Lorg.apache.apex.malhar.stream.api.Option;@78bfe1f4
17/03/07 13:59:31 ERROR impl.ApexStreamImpl: Adding Python generic  operator
17/03/07 13:59:31 ERROR impl.ApexStreamImpl: Adding an operator[Lorg.apache.apex.malhar.stream.api.Option;@271fa6af
17/03/07 13:59:31 ERROR impl.ApexStreamImpl: Adding console operator
17/03/07 13:59:31 ERROR impl.ApexStreamImpl: Adding an operator[Lorg.apache.apex.malhar.stream.api.Option;@527abf6f
17/03/07 13:59:31 ERROR python.PythonApp: Populating DAG in python app
17/03/07 13:59:31 ERROR python.PythonApp: DAG VALUE LIBRARY JARS/home/vikram/.m2/repository/net/sf/py4j/py4j/0.8.1/py4j-0.8.1.jar
17/03/07 13:59:31 INFO client.RMProxy: Connecting to ResourceManager at /0.0.0.0:8032
17/03/07 13:59:31 INFO stram.StramClient: Local jar file dependencies: [/home/vikram/.m2/repository/org/apache/apex/malhar-library/3.7.0-SNAPSHOT/malhar-library-3.7.0-SNAPSHOT.jar, /home/vikram/.m2/repository/org/apache/apex/malhar-stream/3.7.0-SNAPSHOT/malhar-stream-3.7.0-SNAPSHOT.jar, /home/vikram/.m2/repository/org/apache/apex/apex-api/3.6.0-SNAPSHOT/apex-api-3.6.0-SNAPSHOT.jar, /home/vikram/.m2/repository/org/apache/apex/apex-common/3.4.0/apex-common-3.4.0.jar, /home/vikram/.m2/repository/com/datatorrent/netlet/1.3.0/netlet-1.3.0.jar, /home/vikram/.m2/repository/org/apache/apex/apex-bufferserver/3.4.0/apex-bufferserver-3.4.0.jar, /home/vikram/.m2/repository/org/apache/apex/apex-engine/3.4.0/apex-engine-3.4.0.jar, /home/vikram/.m2/repository/javax/validation/validation-api/1.1.0.Final/validation-api-1.1.0.Final.jar, /home/vikram/.m2/repository/com/esotericsoftware/kryo/kryo/2.24.0/kryo-2.24.0.jar, /home/vikram/.m2/repository/org/apache/bval/bval-jsr303/0.5/bval-jsr303-0.5.jar, /home/vikram/.m2/repository/org/apache/bval/bval-core/0.5/bval-core-0.5.jar, /home/vikram/.m2/repository/org/apache/commons/commons-lang3/3.1/commons-lang3-3.1.jar, /home/vikram/.m2/repository/net/engio/mbassador/1.1.9/mbassador-1.1.9.jar, /home/vikram/.m2/repository/org/apache/apex/apex-shaded-ning19/1.0.0/apex-shaded-ning19-1.0.0.jar, /home/vikram/.m2/repository/org/codehaus/jackson/jackson-core-asl/1.9.2/jackson-core-asl-1.9.2.jar, /home/vikram/.m2/repository/org/codehaus/jackson/jackson-mapper-asl/1.9.2/jackson-mapper-asl-1.9.2.jar, /home/vikram/.m2/repository/commons-beanutils/commons-beanutils/1.8.3/commons-beanutils-1.8.3.jar, /home/vikram/.m2/repository/org/apache/httpcomponents/httpclient/4.3.5/httpclient-4.3.5.jar, /home/vikram/.m2/repository/org/apache/httpcomponents/httpcore/4.3.2/httpcore-4.3.2.jar, /home/vikram/.m2/repository/com/esotericsoftware/minlog/minlog/1.2/minlog-1.2.jar, /home/vikram/.m2/repository/org/apache/xbean/xbean-asm5-shaded/4.3/xbean-asm5-shaded-4.3.jar, /home/vikram/.m2/repository/com/sun/jersey/jersey-client/1.9/jersey-client-1.9.jar, /home/vikram/.m2/repository/com/sun/jersey/contribs/jersey-apache-client4/1.9/jersey-apache-client4-1.9.jar, /home/vikram/.m2/repository/org/jctools/jctools-core/1.1/jctools-core-1.1.jar, /home/vikram/.m2/repository/net/sf/py4j/py4j/0.8.1/py4j-0.8.1.jar]
17/03/07 13:59:31 INFO stram.StramClient: Got Cluster metric info from ASM, numNodeManagers=1
17/03/07 13:59:31 INFO stram.StramClient: User ACL Info for Queue queueName=root, userAcl=SUBMIT_APPLICATIONS
17/03/07 13:59:31 INFO stram.StramClient: User ACL Info for Queue queueName=root, userAcl=ADMINISTER_QUEUE
17/03/07 13:59:31 INFO stram.StramClient: User ACL Info for Queue queueName=default, userAcl=SUBMIT_APPLICATIONS
17/03/07 13:59:31 INFO stram.StramClient: User ACL Info for Queue queueName=default, userAcl=ADMINISTER_QUEUE
17/03/07 13:59:31 INFO stram.StramClient: Max mem capability of resources in this cluster 8192
17/03/07 13:59:31 INFO stram.StramClient: Setting up application submission context for ASM
17/03/07 13:59:32 INFO stram.StramClient: Copy /home/vikram/.m2/repository/org/apache/apex/malhar-library/3.7.0-SNAPSHOT/malhar-library-3.7.0-SNAPSHOT.jar from local filesystem to hdfs://localhost:9000/user/vikram/datatorrent/apps/application_1488862535353_0024/malhar-library-3.7.0-SNAPSHOT.jar
17/03/07 13:59:32 INFO stram.StramClient: Copy /home/vikram/.m2/repository/org/apache/apex/malhar-stream/3.7.0-SNAPSHOT/malhar-stream-3.7.0-SNAPSHOT.jar from local filesystem to hdfs://localhost:9000/user/vikram/datatorrent/apps/application_1488862535353_0024/malhar-stream-3.7.0-SNAPSHOT.jar
17/03/07 13:59:32 INFO stram.StramClient: Copy /home/vikram/.m2/repository/org/apache/apex/apex-api/3.6.0-SNAPSHOT/apex-api-3.6.0-SNAPSHOT.jar from local filesystem to hdfs://localhost:9000/user/vikram/datatorrent/apps/application_1488862535353_0024/apex-api-3.6.0-SNAPSHOT.jar
17/03/07 13:59:32 INFO stram.StramClient: Copy /home/vikram/.m2/repository/org/apache/apex/apex-common/3.4.0/apex-common-3.4.0.jar from local filesystem to hdfs://localhost:9000/user/vikram/datatorrent/apps/application_1488862535353_0024/apex-common-3.4.0.jar
17/03/07 13:59:32 INFO stram.StramClient: Copy /home/vikram/.m2/repository/com/datatorrent/netlet/1.3.0/netlet-1.3.0.jar from local filesystem to hdfs://localhost:9000/user/vikram/datatorrent/apps/application_1488862535353_0024/netlet-1.3.0.jar
17/03/07 13:59:32 INFO stram.StramClient: Copy /home/vikram/.m2/repository/org/apache/apex/apex-bufferserver/3.4.0/apex-bufferserver-3.4.0.jar from local filesystem to hdfs://localhost:9000/user/vikram/datatorrent/apps/application_1488862535353_0024/apex-bufferserver-3.4.0.jar
17/03/07 13:59:32 INFO stram.StramClient: Copy /home/vikram/.m2/repository/org/apache/apex/apex-engine/3.4.0/apex-engine-3.4.0.jar from local filesystem to hdfs://localhost:9000/user/vikram/datatorrent/apps/application_1488862535353_0024/apex-engine-3.4.0.jar
17/03/07 13:59:32 INFO stram.StramClient: Copy /home/vikram/.m2/repository/javax/validation/validation-api/1.1.0.Final/validation-api-1.1.0.Final.jar from local filesystem to hdfs://localhost:9000/user/vikram/datatorrent/apps/application_1488862535353_0024/validation-api-1.1.0.Final.jar
17/03/07 13:59:32 INFO stram.StramClient: Copy /home/vikram/.m2/repository/com/esotericsoftware/kryo/kryo/2.24.0/kryo-2.24.0.jar from local filesystem to hdfs://localhost:9000/user/vikram/datatorrent/apps/application_1488862535353_0024/kryo-2.24.0.jar
17/03/07 13:59:32 INFO stram.StramClient: Copy /home/vikram/.m2/repository/org/apache/bval/bval-jsr303/0.5/bval-jsr303-0.5.jar from local filesystem to hdfs://localhost:9000/user/vikram/datatorrent/apps/application_1488862535353_0024/bval-jsr303-0.5.jar
17/03/07 13:59:32 INFO stram.StramClient: Copy /home/vikram/.m2/repository/org/apache/bval/bval-core/0.5/bval-core-0.5.jar from local filesystem to hdfs://localhost:9000/user/vikram/datatorrent/apps/application_1488862535353_0024/bval-core-0.5.jar
17/03/07 13:59:32 INFO stram.StramClient: Copy /home/vikram/.m2/repository/org/apache/commons/commons-lang3/3.1/commons-lang3-3.1.jar from local filesystem to hdfs://localhost:9000/user/vikram/datatorrent/apps/application_1488862535353_0024/commons-lang3-3.1.jar
17/03/07 13:59:32 INFO stram.StramClient: Copy /home/vikram/.m2/repository/net/engio/mbassador/1.1.9/mbassador-1.1.9.jar from local filesystem to hdfs://localhost:9000/user/vikram/datatorrent/apps/application_1488862535353_0024/mbassador-1.1.9.jar
17/03/07 13:59:32 INFO stram.StramClient: Copy /home/vikram/.m2/repository/org/apache/apex/apex-shaded-ning19/1.0.0/apex-shaded-ning19-1.0.0.jar from local filesystem to hdfs://localhost:9000/user/vikram/datatorrent/apps/application_1488862535353_0024/apex-shaded-ning19-1.0.0.jar
17/03/07 13:59:32 INFO stram.StramClient: Copy /home/vikram/.m2/repository/org/codehaus/jackson/jackson-core-asl/1.9.2/jackson-core-asl-1.9.2.jar from local filesystem to hdfs://localhost:9000/user/vikram/datatorrent/apps/application_1488862535353_0024/jackson-core-asl-1.9.2.jar
17/03/07 13:59:32 INFO stram.StramClient: Copy /home/vikram/.m2/repository/org/codehaus/jackson/jackson-mapper-asl/1.9.2/jackson-mapper-asl-1.9.2.jar from local filesystem to hdfs://localhost:9000/user/vikram/datatorrent/apps/application_1488862535353_0024/jackson-mapper-asl-1.9.2.jar
17/03/07 13:59:32 INFO stram.StramClient: Copy /home/vikram/.m2/repository/commons-beanutils/commons-beanutils/1.8.3/commons-beanutils-1.8.3.jar from local filesystem to hdfs://localhost:9000/user/vikram/datatorrent/apps/application_1488862535353_0024/commons-beanutils-1.8.3.jar
17/03/07 13:59:32 INFO stram.StramClient: Copy /home/vikram/.m2/repository/org/apache/httpcomponents/httpclient/4.3.5/httpclient-4.3.5.jar from local filesystem to hdfs://localhost:9000/user/vikram/datatorrent/apps/application_1488862535353_0024/httpclient-4.3.5.jar
17/03/07 13:59:32 INFO stram.StramClient: Copy /home/vikram/.m2/repository/org/apache/httpcomponents/httpcore/4.3.2/httpcore-4.3.2.jar from local filesystem to hdfs://localhost:9000/user/vikram/datatorrent/apps/application_1488862535353_0024/httpcore-4.3.2.jar
17/03/07 13:59:32 INFO stram.StramClient: Copy /home/vikram/.m2/repository/com/esotericsoftware/minlog/minlog/1.2/minlog-1.2.jar from local filesystem to hdfs://localhost:9000/user/vikram/datatorrent/apps/application_1488862535353_0024/minlog-1.2.jar
17/03/07 13:59:32 INFO stram.StramClient: Copy /home/vikram/.m2/repository/org/apache/xbean/xbean-asm5-shaded/4.3/xbean-asm5-shaded-4.3.jar from local filesystem to hdfs://localhost:9000/user/vikram/datatorrent/apps/application_1488862535353_0024/xbean-asm5-shaded-4.3.jar
17/03/07 13:59:32 INFO stram.StramClient: Copy /home/vikram/.m2/repository/com/sun/jersey/jersey-client/1.9/jersey-client-1.9.jar from local filesystem to hdfs://localhost:9000/user/vikram/datatorrent/apps/application_1488862535353_0024/jersey-client-1.9.jar
17/03/07 13:59:32 INFO stram.StramClient: Copy /home/vikram/.m2/repository/com/sun/jersey/contribs/jersey-apache-client4/1.9/jersey-apache-client4-1.9.jar from local filesystem to hdfs://localhost:9000/user/vikram/datatorrent/apps/application_1488862535353_0024/jersey-apache-client4-1.9.jar
17/03/07 13:59:32 INFO stram.StramClient: Copy /home/vikram/.m2/repository/org/jctools/jctools-core/1.1/jctools-core-1.1.jar from local filesystem to hdfs://localhost:9000/user/vikram/datatorrent/apps/application_1488862535353_0024/jctools-core-1.1.jar
17/03/07 13:59:32 INFO stram.StramClient: Copy /home/vikram/.m2/repository/net/sf/py4j/py4j/0.8.1/py4j-0.8.1.jar from local filesystem to hdfs://localhost:9000/user/vikram/datatorrent/apps/application_1488862535353_0024/py4j-0.8.1.jar
17/03/07 13:59:32 INFO stram.StramClient: libjars: hdfs://localhost:9000/user/vikram/datatorrent/apps/application_1488862535353_0024/malhar-library-3.7.0-SNAPSHOT.jar,hdfs://localhost:9000/user/vikram/datatorrent/apps/application_1488862535353_0024/malhar-stream-3.7.0-SNAPSHOT.jar,hdfs://localhost:9000/user/vikram/datatorrent/apps/application_1488862535353_0024/apex-api-3.6.0-SNAPSHOT.jar,hdfs://localhost:9000/user/vikram/datatorrent/apps/application_1488862535353_0024/apex-common-3.4.0.jar,hdfs://localhost:9000/user/vikram/datatorrent/apps/application_1488862535353_0024/netlet-1.3.0.jar,hdfs://localhost:9000/user/vikram/datatorrent/apps/application_1488862535353_0024/apex-bufferserver-3.4.0.jar,hdfs://localhost:9000/user/vikram/datatorrent/apps/application_1488862535353_0024/apex-engine-3.4.0.jar,hdfs://localhost:9000/user/vikram/datatorrent/apps/application_1488862535353_0024/validation-api-1.1.0.Final.jar,hdfs://localhost:9000/user/vikram/datatorrent/apps/application_1488862535353_0024/kryo-2.24.0.jar,hdfs://localhost:9000/user/vikram/datatorrent/apps/application_1488862535353_0024/bval-jsr303-0.5.jar,hdfs://localhost:9000/user/vikram/datatorrent/apps/application_1488862535353_0024/bval-core-0.5.jar,hdfs://localhost:9000/user/vikram/datatorrent/apps/application_1488862535353_0024/commons-lang3-3.1.jar,hdfs://localhost:9000/user/vikram/datatorrent/apps/application_1488862535353_0024/mbassador-1.1.9.jar,hdfs://localhost:9000/user/vikram/datatorrent/apps/application_1488862535353_0024/apex-shaded-ning19-1.0.0.jar,hdfs://localhost:9000/user/vikram/datatorrent/apps/application_1488862535353_0024/jackson-core-asl-1.9.2.jar,hdfs://localhost:9000/user/vikram/datatorrent/apps/application_1488862535353_0024/jackson-mapper-asl-1.9.2.jar,hdfs://localhost:9000/user/vikram/datatorrent/apps/application_1488862535353_0024/commons-beanutils-1.8.3.jar,hdfs://localhost:9000/user/vikram/datatorrent/apps/application_1488862535353_0024/httpclient-4.3.5.jar,hdfs://localhost:9000/user/vikram/datatorrent/apps/application_1488862535353_0024/httpcore-4.3.2.jar,hdfs://localhost:9000/user/vikram/datatorrent/apps/application_1488862535353_0024/minlog-1.2.jar,hdfs://localhost:9000/user/vikram/datatorrent/apps/application_1488862535353_0024/xbean-asm5-shaded-4.3.jar,hdfs://localhost:9000/user/vikram/datatorrent/apps/application_1488862535353_0024/jersey-client-1.9.jar,hdfs://localhost:9000/user/vikram/datatorrent/apps/application_1488862535353_0024/jersey-apache-client4-1.9.jar,hdfs://localhost:9000/user/vikram/datatorrent/apps/application_1488862535353_0024/jctools-core-1.1.jar,hdfs://localhost:9000/user/vikram/datatorrent/apps/application_1488862535353_0024/py4j-0.8.1.jar
17/03/07 13:59:32 INFO stram.StramClient: Set the environment for the application master
17/03/07 13:59:32 INFO stram.StramClient: Setting up app master command
17/03/07 13:59:32 INFO stram.StramClient: Completed setting up app master command ${JAVA_HOME}/bin/java -Djava.io.tmpdir=$PWD/tmp -Xmx768m -XX:+HeapDumpOnOutOfMemoryError -XX:HeapDumpPath=/tmp/dt-heap-24.bin -Dhadoop.root.logger=INFO,RFA -Dhadoop.log.dir=<LOG_DIR> -Ddt.attr.APPLICATION_PATH=hdfs://localhost:9000/user/vikram/datatorrent/apps/application_1488862535353_0024 com.datatorrent.stram.StreamingAppMaster 1><LOG_DIR>/AppMaster.stdout 2><LOG_DIR>/AppMaster.stderr 
17/03/07 13:59:32 INFO stram.StramClient: Submitting application: {name=dummy, queue=null, user=vikram (auth:SIMPLE), resource=<memory:1024, vCores:0>}
17/03/07 13:59:32 INFO impl.YarnClientImpl: Submitted application application_1488862535353_0024
17/03/07 14:02:34 ERROR impl.ApexStreamImpl: Adding an operator[Lorg.apache.apex.malhar.stream.api.Option;@2f983615
17/03/07 14:02:34 ERROR impl.ApexStreamImpl: Adding Python generic  operator
17/03/07 14:02:34 ERROR impl.ApexStreamImpl: Adding an operator[Lorg.apache.apex.malhar.stream.api.Option;@4955683f
17/03/07 14:02:34 ERROR impl.ApexStreamImpl: Adding console operator
17/03/07 14:02:34 ERROR impl.ApexStreamImpl: Adding an operator[Lorg.apache.apex.malhar.stream.api.Option;@67e1fab8
17/03/07 14:02:34 ERROR python.PythonApp: Populating DAG in python app
17/03/07 14:02:34 ERROR python.PythonApp: DAG VALUE LIBRARY JARS/home/vikram/.m2/repository/net/sf/py4j/py4j/0.8.1/py4j-0.8.1.jar
17/03/07 14:02:34 INFO client.RMProxy: Connecting to ResourceManager at /0.0.0.0:8032
17/03/07 14:02:34 INFO stram.StramClient: Local jar file dependencies: [/home/vikram/.m2/repository/org/apache/apex/malhar-library/3.7.0-SNAPSHOT/malhar-library-3.7.0-SNAPSHOT.jar, /home/vikram/.m2/repository/org/apache/apex/malhar-stream/3.7.0-SNAPSHOT/malhar-stream-3.7.0-SNAPSHOT.jar, /home/vikram/.m2/repository/org/apache/apex/apex-api/3.6.0-SNAPSHOT/apex-api-3.6.0-SNAPSHOT.jar, /home/vikram/.m2/repository/org/apache/apex/apex-common/3.4.0/apex-common-3.4.0.jar, /home/vikram/.m2/repository/com/datatorrent/netlet/1.3.0/netlet-1.3.0.jar, /home/vikram/.m2/repository/org/apache/apex/apex-bufferserver/3.4.0/apex-bufferserver-3.4.0.jar, /home/vikram/.m2/repository/org/apache/apex/apex-engine/3.4.0/apex-engine-3.4.0.jar, /home/vikram/.m2/repository/javax/validation/validation-api/1.1.0.Final/validation-api-1.1.0.Final.jar, /home/vikram/.m2/repository/com/esotericsoftware/kryo/kryo/2.24.0/kryo-2.24.0.jar, /home/vikram/.m2/repository/org/apache/bval/bval-jsr303/0.5/bval-jsr303-0.5.jar, /home/vikram/.m2/repository/org/apache/bval/bval-core/0.5/bval-core-0.5.jar, /home/vikram/.m2/repository/org/apache/commons/commons-lang3/3.1/commons-lang3-3.1.jar, /home/vikram/.m2/repository/net/engio/mbassador/1.1.9/mbassador-1.1.9.jar, /home/vikram/.m2/repository/org/apache/apex/apex-shaded-ning19/1.0.0/apex-shaded-ning19-1.0.0.jar, /home/vikram/.m2/repository/org/codehaus/jackson/jackson-core-asl/1.9.2/jackson-core-asl-1.9.2.jar, /home/vikram/.m2/repository/org/codehaus/jackson/jackson-mapper-asl/1.9.2/jackson-mapper-asl-1.9.2.jar, /home/vikram/.m2/repository/commons-beanutils/commons-beanutils/1.8.3/commons-beanutils-1.8.3.jar, /home/vikram/.m2/repository/org/apache/httpcomponents/httpclient/4.3.5/httpclient-4.3.5.jar, /home/vikram/.m2/repository/org/apache/httpcomponents/httpcore/4.3.2/httpcore-4.3.2.jar, /home/vikram/.m2/repository/com/esotericsoftware/minlog/minlog/1.2/minlog-1.2.jar, /home/vikram/.m2/repository/org/apache/xbean/xbean-asm5-shaded/4.3/xbean-asm5-shaded-4.3.jar, /home/vikram/.m2/repository/com/sun/jersey/jersey-client/1.9/jersey-client-1.9.jar, /home/vikram/.m2/repository/com/sun/jersey/contribs/jersey-apache-client4/1.9/jersey-apache-client4-1.9.jar, /home/vikram/.m2/repository/org/jctools/jctools-core/1.1/jctools-core-1.1.jar, /home/vikram/.m2/repository/net/sf/py4j/py4j/0.8.1/py4j-0.8.1.jar]
17/03/07 14:02:34 INFO stram.StramClient: Got Cluster metric info from ASM, numNodeManagers=1
17/03/07 14:02:34 INFO stram.StramClient: User ACL Info for Queue queueName=root, userAcl=SUBMIT_APPLICATIONS
17/03/07 14:02:34 INFO stram.StramClient: User ACL Info for Queue queueName=root, userAcl=ADMINISTER_QUEUE
17/03/07 14:02:34 INFO stram.StramClient: User ACL Info for Queue queueName=default, userAcl=SUBMIT_APPLICATIONS
17/03/07 14:02:34 INFO stram.StramClient: User ACL Info for Queue queueName=default, userAcl=ADMINISTER_QUEUE
17/03/07 14:02:34 INFO stram.StramClient: Max mem capability of resources in this cluster 8192
17/03/07 14:02:34 INFO stram.StramClient: Setting up application submission context for ASM
17/03/07 14:02:34 INFO stram.StramClient: Copy /home/vikram/.m2/repository/org/apache/apex/malhar-library/3.7.0-SNAPSHOT/malhar-library-3.7.0-SNAPSHOT.jar from local filesystem to hdfs://localhost:9000/user/vikram/datatorrent/apps/application_1488862535353_0025/malhar-library-3.7.0-SNAPSHOT.jar
17/03/07 14:02:34 INFO stram.StramClient: Copy /home/vikram/.m2/repository/org/apache/apex/malhar-stream/3.7.0-SNAPSHOT/malhar-stream-3.7.0-SNAPSHOT.jar from local filesystem to hdfs://localhost:9000/user/vikram/datatorrent/apps/application_1488862535353_0025/malhar-stream-3.7.0-SNAPSHOT.jar
17/03/07 14:02:34 INFO stram.StramClient: Copy /home/vikram/.m2/repository/org/apache/apex/apex-api/3.6.0-SNAPSHOT/apex-api-3.6.0-SNAPSHOT.jar from local filesystem to hdfs://localhost:9000/user/vikram/datatorrent/apps/application_1488862535353_0025/apex-api-3.6.0-SNAPSHOT.jar
17/03/07 14:02:34 INFO stram.StramClient: Copy /home/vikram/.m2/repository/org/apache/apex/apex-common/3.4.0/apex-common-3.4.0.jar from local filesystem to hdfs://localhost:9000/user/vikram/datatorrent/apps/application_1488862535353_0025/apex-common-3.4.0.jar
17/03/07 14:02:34 INFO stram.StramClient: Copy /home/vikram/.m2/repository/com/datatorrent/netlet/1.3.0/netlet-1.3.0.jar from local filesystem to hdfs://localhost:9000/user/vikram/datatorrent/apps/application_1488862535353_0025/netlet-1.3.0.jar
17/03/07 14:02:34 INFO stram.StramClient: Copy /home/vikram/.m2/repository/org/apache/apex/apex-bufferserver/3.4.0/apex-bufferserver-3.4.0.jar from local filesystem to hdfs://localhost:9000/user/vikram/datatorrent/apps/application_1488862535353_0025/apex-bufferserver-3.4.0.jar
17/03/07 14:02:34 INFO stram.StramClient: Copy /home/vikram/.m2/repository/org/apache/apex/apex-engine/3.4.0/apex-engine-3.4.0.jar from local filesystem to hdfs://localhost:9000/user/vikram/datatorrent/apps/application_1488862535353_0025/apex-engine-3.4.0.jar
17/03/07 14:02:34 INFO stram.StramClient: Copy /home/vikram/.m2/repository/javax/validation/validation-api/1.1.0.Final/validation-api-1.1.0.Final.jar from local filesystem to hdfs://localhost:9000/user/vikram/datatorrent/apps/application_1488862535353_0025/validation-api-1.1.0.Final.jar
17/03/07 14:02:34 INFO stram.StramClient: Copy /home/vikram/.m2/repository/com/esotericsoftware/kryo/kryo/2.24.0/kryo-2.24.0.jar from local filesystem to hdfs://localhost:9000/user/vikram/datatorrent/apps/application_1488862535353_0025/kryo-2.24.0.jar
17/03/07 14:02:34 INFO stram.StramClient: Copy /home/vikram/.m2/repository/org/apache/bval/bval-jsr303/0.5/bval-jsr303-0.5.jar from local filesystem to hdfs://localhost:9000/user/vikram/datatorrent/apps/application_1488862535353_0025/bval-jsr303-0.5.jar
17/03/07 14:02:34 INFO stram.StramClient: Copy /home/vikram/.m2/repository/org/apache/bval/bval-core/0.5/bval-core-0.5.jar from local filesystem to hdfs://localhost:9000/user/vikram/datatorrent/apps/application_1488862535353_0025/bval-core-0.5.jar
17/03/07 14:02:34 INFO stram.StramClient: Copy /home/vikram/.m2/repository/org/apache/commons/commons-lang3/3.1/commons-lang3-3.1.jar from local filesystem to hdfs://localhost:9000/user/vikram/datatorrent/apps/application_1488862535353_0025/commons-lang3-3.1.jar
17/03/07 14:02:34 INFO stram.StramClient: Copy /home/vikram/.m2/repository/net/engio/mbassador/1.1.9/mbassador-1.1.9.jar from local filesystem to hdfs://localhost:9000/user/vikram/datatorrent/apps/application_1488862535353_0025/mbassador-1.1.9.jar
17/03/07 14:02:34 INFO stram.StramClient: Copy /home/vikram/.m2/repository/org/apache/apex/apex-shaded-ning19/1.0.0/apex-shaded-ning19-1.0.0.jar from local filesystem to hdfs://localhost:9000/user/vikram/datatorrent/apps/application_1488862535353_0025/apex-shaded-ning19-1.0.0.jar
17/03/07 14:02:34 INFO stram.StramClient: Copy /home/vikram/.m2/repository/org/codehaus/jackson/jackson-core-asl/1.9.2/jackson-core-asl-1.9.2.jar from local filesystem to hdfs://localhost:9000/user/vikram/datatorrent/apps/application_1488862535353_0025/jackson-core-asl-1.9.2.jar
17/03/07 14:02:35 INFO stram.StramClient: Copy /home/vikram/.m2/repository/org/codehaus/jackson/jackson-mapper-asl/1.9.2/jackson-mapper-asl-1.9.2.jar from local filesystem to hdfs://localhost:9000/user/vikram/datatorrent/apps/application_1488862535353_0025/jackson-mapper-asl-1.9.2.jar
17/03/07 14:02:35 INFO stram.StramClient: Copy /home/vikram/.m2/repository/commons-beanutils/commons-beanutils/1.8.3/commons-beanutils-1.8.3.jar from local filesystem to hdfs://localhost:9000/user/vikram/datatorrent/apps/application_1488862535353_0025/commons-beanutils-1.8.3.jar
17/03/07 14:02:35 INFO stram.StramClient: Copy /home/vikram/.m2/repository/org/apache/httpcomponents/httpclient/4.3.5/httpclient-4.3.5.jar from local filesystem to hdfs://localhost:9000/user/vikram/datatorrent/apps/application_1488862535353_0025/httpclient-4.3.5.jar
17/03/07 14:02:35 INFO stram.StramClient: Copy /home/vikram/.m2/repository/org/apache/httpcomponents/httpcore/4.3.2/httpcore-4.3.2.jar from local filesystem to hdfs://localhost:9000/user/vikram/datatorrent/apps/application_1488862535353_0025/httpcore-4.3.2.jar
17/03/07 14:02:35 INFO stram.StramClient: Copy /home/vikram/.m2/repository/com/esotericsoftware/minlog/minlog/1.2/minlog-1.2.jar from local filesystem to hdfs://localhost:9000/user/vikram/datatorrent/apps/application_1488862535353_0025/minlog-1.2.jar
17/03/07 14:02:35 INFO stram.StramClient: Copy /home/vikram/.m2/repository/org/apache/xbean/xbean-asm5-shaded/4.3/xbean-asm5-shaded-4.3.jar from local filesystem to hdfs://localhost:9000/user/vikram/datatorrent/apps/application_1488862535353_0025/xbean-asm5-shaded-4.3.jar
17/03/07 14:02:35 INFO stram.StramClient: Copy /home/vikram/.m2/repository/com/sun/jersey/jersey-client/1.9/jersey-client-1.9.jar from local filesystem to hdfs://localhost:9000/user/vikram/datatorrent/apps/application_1488862535353_0025/jersey-client-1.9.jar
17/03/07 14:02:35 INFO stram.StramClient: Copy /home/vikram/.m2/repository/com/sun/jersey/contribs/jersey-apache-client4/1.9/jersey-apache-client4-1.9.jar from local filesystem to hdfs://localhost:9000/user/vikram/datatorrent/apps/application_1488862535353_0025/jersey-apache-client4-1.9.jar
17/03/07 14:02:35 INFO stram.StramClient: Copy /home/vikram/.m2/repository/org/jctools/jctools-core/1.1/jctools-core-1.1.jar from local filesystem to hdfs://localhost:9000/user/vikram/datatorrent/apps/application_1488862535353_0025/jctools-core-1.1.jar
17/03/07 14:02:35 INFO stram.StramClient: Copy /home/vikram/.m2/repository/net/sf/py4j/py4j/0.8.1/py4j-0.8.1.jar from local filesystem to hdfs://localhost:9000/user/vikram/datatorrent/apps/application_1488862535353_0025/py4j-0.8.1.jar
17/03/07 14:02:35 INFO stram.StramClient: libjars: hdfs://localhost:9000/user/vikram/datatorrent/apps/application_1488862535353_0025/malhar-library-3.7.0-SNAPSHOT.jar,hdfs://localhost:9000/user/vikram/datatorrent/apps/application_1488862535353_0025/malhar-stream-3.7.0-SNAPSHOT.jar,hdfs://localhost:9000/user/vikram/datatorrent/apps/application_1488862535353_0025/apex-api-3.6.0-SNAPSHOT.jar,hdfs://localhost:9000/user/vikram/datatorrent/apps/application_1488862535353_0025/apex-common-3.4.0.jar,hdfs://localhost:9000/user/vikram/datatorrent/apps/application_1488862535353_0025/netlet-1.3.0.jar,hdfs://localhost:9000/user/vikram/datatorrent/apps/application_1488862535353_0025/apex-bufferserver-3.4.0.jar,hdfs://localhost:9000/user/vikram/datatorrent/apps/application_1488862535353_0025/apex-engine-3.4.0.jar,hdfs://localhost:9000/user/vikram/datatorrent/apps/application_1488862535353_0025/validation-api-1.1.0.Final.jar,hdfs://localhost:9000/user/vikram/datatorrent/apps/application_1488862535353_0025/kryo-2.24.0.jar,hdfs://localhost:9000/user/vikram/datatorrent/apps/application_1488862535353_0025/bval-jsr303-0.5.jar,hdfs://localhost:9000/user/vikram/datatorrent/apps/application_1488862535353_0025/bval-core-0.5.jar,hdfs://localhost:9000/user/vikram/datatorrent/apps/application_1488862535353_0025/commons-lang3-3.1.jar,hdfs://localhost:9000/user/vikram/datatorrent/apps/application_1488862535353_0025/mbassador-1.1.9.jar,hdfs://localhost:9000/user/vikram/datatorrent/apps/application_1488862535353_0025/apex-shaded-ning19-1.0.0.jar,hdfs://localhost:9000/user/vikram/datatorrent/apps/application_1488862535353_0025/jackson-core-asl-1.9.2.jar,hdfs://localhost:9000/user/vikram/datatorrent/apps/application_1488862535353_0025/jackson-mapper-asl-1.9.2.jar,hdfs://localhost:9000/user/vikram/datatorrent/apps/application_1488862535353_0025/commons-beanutils-1.8.3.jar,hdfs://localhost:9000/user/vikram/datatorrent/apps/application_1488862535353_0025/httpclient-4.3.5.jar,hdfs://localhost:9000/user/vikram/datatorrent/apps/application_1488862535353_0025/httpcore-4.3.2.jar,hdfs://localhost:9000/user/vikram/datatorrent/apps/application_1488862535353_0025/minlog-1.2.jar,hdfs://localhost:9000/user/vikram/datatorrent/apps/application_1488862535353_0025/xbean-asm5-shaded-4.3.jar,hdfs://localhost:9000/user/vikram/datatorrent/apps/application_1488862535353_0025/jersey-client-1.9.jar,hdfs://localhost:9000/user/vikram/datatorrent/apps/application_1488862535353_0025/jersey-apache-client4-1.9.jar,hdfs://localhost:9000/user/vikram/datatorrent/apps/application_1488862535353_0025/jctools-core-1.1.jar,hdfs://localhost:9000/user/vikram/datatorrent/apps/application_1488862535353_0025/py4j-0.8.1.jar
17/03/07 14:02:35 INFO stram.StramClient: Set the environment for the application master
17/03/07 14:02:35 INFO stram.StramClient: Setting up app master command
17/03/07 14:02:35 INFO stram.StramClient: Completed setting up app master command ${JAVA_HOME}/bin/java -Djava.io.tmpdir=$PWD/tmp -Xmx768m -XX:+HeapDumpOnOutOfMemoryError -XX:HeapDumpPath=/tmp/dt-heap-25.bin -Dhadoop.root.logger=INFO,RFA -Dhadoop.log.dir=<LOG_DIR> -Ddt.attr.APPLICATION_PATH=hdfs://localhost:9000/user/vikram/datatorrent/apps/application_1488862535353_0025 com.datatorrent.stram.StreamingAppMaster 1><LOG_DIR>/AppMaster.stdout 2><LOG_DIR>/AppMaster.stderr 
17/03/07 14:02:35 INFO stram.StramClient: Submitting application: {name=dummy, queue=null, user=vikram (auth:SIMPLE), resource=<memory:1024, vCores:0>}
17/03/07 14:02:35 INFO impl.YarnClientImpl: Submitted application application_1488862535353_0025
17/03/07 15:14:03 ERROR impl.ApexStreamImpl: Adding Python generic  operator
17/03/07 15:14:03 ERROR impl.ApexStreamImpl: Adding an operator[Lorg.apache.apex.malhar.stream.api.Option;@7b7a739
17/03/07 15:14:03 ERROR impl.ApexStreamImpl: Adding an operator[Lorg.apache.apex.malhar.stream.api.Option;@5dd23a26
17/03/07 15:14:03 ERROR impl.ApexStreamImpl: Adding Python generic  operator
17/03/07 15:14:03 ERROR impl.ApexStreamImpl: Adding an operator[Lorg.apache.apex.malhar.stream.api.Option;@5e531f13
17/03/07 15:14:03 ERROR impl.ApexStreamImpl: Adding console operator
17/03/07 15:14:03 ERROR impl.ApexStreamImpl: Adding an operator[Lorg.apache.apex.malhar.stream.api.Option;@6b30cc9f
17/03/07 15:14:03 ERROR python.PythonApp: Populating DAG in python app
17/03/07 15:14:03 ERROR python.PythonApp: DAG VALUE LIBRARY JARS/home/vikram/.m2/repository/net/sf/py4j/py4j/0.8.1/py4j-0.8.1.jar
17/03/07 15:14:03 INFO client.RMProxy: Connecting to ResourceManager at /0.0.0.0:8032
17/03/07 15:14:03 INFO stram.StramClient: Local jar file dependencies: [/home/vikram/.m2/repository/org/apache/apex/malhar-library/3.7.0-SNAPSHOT/malhar-library-3.7.0-SNAPSHOT.jar, /home/vikram/.m2/repository/org/apache/apex/malhar-stream/3.7.0-SNAPSHOT/malhar-stream-3.7.0-SNAPSHOT.jar, /home/vikram/.m2/repository/org/apache/apex/apex-api/3.6.0-SNAPSHOT/apex-api-3.6.0-SNAPSHOT.jar, /home/vikram/.m2/repository/org/apache/apex/apex-common/3.4.0/apex-common-3.4.0.jar, /home/vikram/.m2/repository/com/datatorrent/netlet/1.3.0/netlet-1.3.0.jar, /home/vikram/.m2/repository/org/apache/apex/apex-bufferserver/3.4.0/apex-bufferserver-3.4.0.jar, /home/vikram/.m2/repository/org/apache/apex/apex-engine/3.4.0/apex-engine-3.4.0.jar, /home/vikram/.m2/repository/javax/validation/validation-api/1.1.0.Final/validation-api-1.1.0.Final.jar, /home/vikram/.m2/repository/com/esotericsoftware/kryo/kryo/2.24.0/kryo-2.24.0.jar, /home/vikram/.m2/repository/org/apache/bval/bval-jsr303/0.5/bval-jsr303-0.5.jar, /home/vikram/.m2/repository/org/apache/bval/bval-core/0.5/bval-core-0.5.jar, /home/vikram/.m2/repository/org/apache/commons/commons-lang3/3.1/commons-lang3-3.1.jar, /home/vikram/.m2/repository/net/engio/mbassador/1.1.9/mbassador-1.1.9.jar, /home/vikram/.m2/repository/org/apache/apex/apex-shaded-ning19/1.0.0/apex-shaded-ning19-1.0.0.jar, /home/vikram/.m2/repository/org/codehaus/jackson/jackson-core-asl/1.9.2/jackson-core-asl-1.9.2.jar, /home/vikram/.m2/repository/org/codehaus/jackson/jackson-mapper-asl/1.9.2/jackson-mapper-asl-1.9.2.jar, /home/vikram/.m2/repository/commons-beanutils/commons-beanutils/1.8.3/commons-beanutils-1.8.3.jar, /home/vikram/.m2/repository/org/apache/httpcomponents/httpclient/4.3.5/httpclient-4.3.5.jar, /home/vikram/.m2/repository/org/apache/httpcomponents/httpcore/4.3.2/httpcore-4.3.2.jar, /home/vikram/.m2/repository/com/esotericsoftware/minlog/minlog/1.2/minlog-1.2.jar, /home/vikram/.m2/repository/org/apache/xbean/xbean-asm5-shaded/4.3/xbean-asm5-shaded-4.3.jar, /home/vikram/.m2/repository/com/sun/jersey/jersey-client/1.9/jersey-client-1.9.jar, /home/vikram/.m2/repository/com/sun/jersey/contribs/jersey-apache-client4/1.9/jersey-apache-client4-1.9.jar, /home/vikram/.m2/repository/org/jctools/jctools-core/1.1/jctools-core-1.1.jar, /home/vikram/.m2/repository/net/sf/py4j/py4j/0.8.1/py4j-0.8.1.jar]
17/03/07 15:14:03 INFO stram.StramClient: Got Cluster metric info from ASM, numNodeManagers=1
17/03/07 15:14:03 INFO stram.StramClient: User ACL Info for Queue queueName=root, userAcl=SUBMIT_APPLICATIONS
17/03/07 15:14:03 INFO stram.StramClient: User ACL Info for Queue queueName=root, userAcl=ADMINISTER_QUEUE
17/03/07 15:14:03 INFO stram.StramClient: User ACL Info for Queue queueName=default, userAcl=SUBMIT_APPLICATIONS
17/03/07 15:14:03 INFO stram.StramClient: User ACL Info for Queue queueName=default, userAcl=ADMINISTER_QUEUE
17/03/07 15:14:03 INFO stram.StramClient: Max mem capability of resources in this cluster 8192
17/03/07 15:14:03 INFO stram.StramClient: Setting up application submission context for ASM
17/03/07 15:14:03 INFO stram.StramClient: Copy /home/vikram/.m2/repository/org/apache/apex/malhar-library/3.7.0-SNAPSHOT/malhar-library-3.7.0-SNAPSHOT.jar from local filesystem to hdfs://localhost:9000/user/vikram/datatorrent/apps/application_1488862535353_0026/malhar-library-3.7.0-SNAPSHOT.jar
17/03/07 15:14:03 INFO stram.StramClient: Copy /home/vikram/.m2/repository/org/apache/apex/malhar-stream/3.7.0-SNAPSHOT/malhar-stream-3.7.0-SNAPSHOT.jar from local filesystem to hdfs://localhost:9000/user/vikram/datatorrent/apps/application_1488862535353_0026/malhar-stream-3.7.0-SNAPSHOT.jar
17/03/07 15:14:03 INFO stram.StramClient: Copy /home/vikram/.m2/repository/org/apache/apex/apex-api/3.6.0-SNAPSHOT/apex-api-3.6.0-SNAPSHOT.jar from local filesystem to hdfs://localhost:9000/user/vikram/datatorrent/apps/application_1488862535353_0026/apex-api-3.6.0-SNAPSHOT.jar
17/03/07 15:14:03 INFO stram.StramClient: Copy /home/vikram/.m2/repository/org/apache/apex/apex-common/3.4.0/apex-common-3.4.0.jar from local filesystem to hdfs://localhost:9000/user/vikram/datatorrent/apps/application_1488862535353_0026/apex-common-3.4.0.jar
17/03/07 15:14:04 INFO stram.StramClient: Copy /home/vikram/.m2/repository/com/datatorrent/netlet/1.3.0/netlet-1.3.0.jar from local filesystem to hdfs://localhost:9000/user/vikram/datatorrent/apps/application_1488862535353_0026/netlet-1.3.0.jar
17/03/07 15:14:04 INFO stram.StramClient: Copy /home/vikram/.m2/repository/org/apache/apex/apex-bufferserver/3.4.0/apex-bufferserver-3.4.0.jar from local filesystem to hdfs://localhost:9000/user/vikram/datatorrent/apps/application_1488862535353_0026/apex-bufferserver-3.4.0.jar
17/03/07 15:14:04 INFO stram.StramClient: Copy /home/vikram/.m2/repository/org/apache/apex/apex-engine/3.4.0/apex-engine-3.4.0.jar from local filesystem to hdfs://localhost:9000/user/vikram/datatorrent/apps/application_1488862535353_0026/apex-engine-3.4.0.jar
17/03/07 15:14:04 INFO stram.StramClient: Copy /home/vikram/.m2/repository/javax/validation/validation-api/1.1.0.Final/validation-api-1.1.0.Final.jar from local filesystem to hdfs://localhost:9000/user/vikram/datatorrent/apps/application_1488862535353_0026/validation-api-1.1.0.Final.jar
17/03/07 15:14:04 INFO stram.StramClient: Copy /home/vikram/.m2/repository/com/esotericsoftware/kryo/kryo/2.24.0/kryo-2.24.0.jar from local filesystem to hdfs://localhost:9000/user/vikram/datatorrent/apps/application_1488862535353_0026/kryo-2.24.0.jar
17/03/07 15:14:04 INFO stram.StramClient: Copy /home/vikram/.m2/repository/org/apache/bval/bval-jsr303/0.5/bval-jsr303-0.5.jar from local filesystem to hdfs://localhost:9000/user/vikram/datatorrent/apps/application_1488862535353_0026/bval-jsr303-0.5.jar
17/03/07 15:14:04 INFO stram.StramClient: Copy /home/vikram/.m2/repository/org/apache/bval/bval-core/0.5/bval-core-0.5.jar from local filesystem to hdfs://localhost:9000/user/vikram/datatorrent/apps/application_1488862535353_0026/bval-core-0.5.jar
17/03/07 15:14:04 INFO stram.StramClient: Copy /home/vikram/.m2/repository/org/apache/commons/commons-lang3/3.1/commons-lang3-3.1.jar from local filesystem to hdfs://localhost:9000/user/vikram/datatorrent/apps/application_1488862535353_0026/commons-lang3-3.1.jar
17/03/07 15:14:04 INFO stram.StramClient: Copy /home/vikram/.m2/repository/net/engio/mbassador/1.1.9/mbassador-1.1.9.jar from local filesystem to hdfs://localhost:9000/user/vikram/datatorrent/apps/application_1488862535353_0026/mbassador-1.1.9.jar
17/03/07 15:14:04 INFO stram.StramClient: Copy /home/vikram/.m2/repository/org/apache/apex/apex-shaded-ning19/1.0.0/apex-shaded-ning19-1.0.0.jar from local filesystem to hdfs://localhost:9000/user/vikram/datatorrent/apps/application_1488862535353_0026/apex-shaded-ning19-1.0.0.jar
17/03/07 15:14:04 INFO stram.StramClient: Copy /home/vikram/.m2/repository/org/codehaus/jackson/jackson-core-asl/1.9.2/jackson-core-asl-1.9.2.jar from local filesystem to hdfs://localhost:9000/user/vikram/datatorrent/apps/application_1488862535353_0026/jackson-core-asl-1.9.2.jar
17/03/07 15:14:04 INFO stram.StramClient: Copy /home/vikram/.m2/repository/org/codehaus/jackson/jackson-mapper-asl/1.9.2/jackson-mapper-asl-1.9.2.jar from local filesystem to hdfs://localhost:9000/user/vikram/datatorrent/apps/application_1488862535353_0026/jackson-mapper-asl-1.9.2.jar
17/03/07 15:14:04 INFO stram.StramClient: Copy /home/vikram/.m2/repository/commons-beanutils/commons-beanutils/1.8.3/commons-beanutils-1.8.3.jar from local filesystem to hdfs://localhost:9000/user/vikram/datatorrent/apps/application_1488862535353_0026/commons-beanutils-1.8.3.jar
17/03/07 15:14:04 INFO stram.StramClient: Copy /home/vikram/.m2/repository/org/apache/httpcomponents/httpclient/4.3.5/httpclient-4.3.5.jar from local filesystem to hdfs://localhost:9000/user/vikram/datatorrent/apps/application_1488862535353_0026/httpclient-4.3.5.jar
17/03/07 15:14:05 INFO stram.StramClient: Copy /home/vikram/.m2/repository/org/apache/httpcomponents/httpcore/4.3.2/httpcore-4.3.2.jar from local filesystem to hdfs://localhost:9000/user/vikram/datatorrent/apps/application_1488862535353_0026/httpcore-4.3.2.jar
17/03/07 15:14:05 INFO stram.StramClient: Copy /home/vikram/.m2/repository/com/esotericsoftware/minlog/minlog/1.2/minlog-1.2.jar from local filesystem to hdfs://localhost:9000/user/vikram/datatorrent/apps/application_1488862535353_0026/minlog-1.2.jar
17/03/07 15:14:05 INFO stram.StramClient: Copy /home/vikram/.m2/repository/org/apache/xbean/xbean-asm5-shaded/4.3/xbean-asm5-shaded-4.3.jar from local filesystem to hdfs://localhost:9000/user/vikram/datatorrent/apps/application_1488862535353_0026/xbean-asm5-shaded-4.3.jar
17/03/07 15:14:05 INFO stram.StramClient: Copy /home/vikram/.m2/repository/com/sun/jersey/jersey-client/1.9/jersey-client-1.9.jar from local filesystem to hdfs://localhost:9000/user/vikram/datatorrent/apps/application_1488862535353_0026/jersey-client-1.9.jar
17/03/07 15:14:05 INFO stram.StramClient: Copy /home/vikram/.m2/repository/com/sun/jersey/contribs/jersey-apache-client4/1.9/jersey-apache-client4-1.9.jar from local filesystem to hdfs://localhost:9000/user/vikram/datatorrent/apps/application_1488862535353_0026/jersey-apache-client4-1.9.jar
17/03/07 15:14:05 INFO stram.StramClient: Copy /home/vikram/.m2/repository/org/jctools/jctools-core/1.1/jctools-core-1.1.jar from local filesystem to hdfs://localhost:9000/user/vikram/datatorrent/apps/application_1488862535353_0026/jctools-core-1.1.jar
17/03/07 15:14:05 INFO stram.StramClient: Copy /home/vikram/.m2/repository/net/sf/py4j/py4j/0.8.1/py4j-0.8.1.jar from local filesystem to hdfs://localhost:9000/user/vikram/datatorrent/apps/application_1488862535353_0026/py4j-0.8.1.jar
17/03/07 15:14:05 INFO stram.StramClient: libjars: hdfs://localhost:9000/user/vikram/datatorrent/apps/application_1488862535353_0026/malhar-library-3.7.0-SNAPSHOT.jar,hdfs://localhost:9000/user/vikram/datatorrent/apps/application_1488862535353_0026/malhar-stream-3.7.0-SNAPSHOT.jar,hdfs://localhost:9000/user/vikram/datatorrent/apps/application_1488862535353_0026/apex-api-3.6.0-SNAPSHOT.jar,hdfs://localhost:9000/user/vikram/datatorrent/apps/application_1488862535353_0026/apex-common-3.4.0.jar,hdfs://localhost:9000/user/vikram/datatorrent/apps/application_1488862535353_0026/netlet-1.3.0.jar,hdfs://localhost:9000/user/vikram/datatorrent/apps/application_1488862535353_0026/apex-bufferserver-3.4.0.jar,hdfs://localhost:9000/user/vikram/datatorrent/apps/application_1488862535353_0026/apex-engine-3.4.0.jar,hdfs://localhost:9000/user/vikram/datatorrent/apps/application_1488862535353_0026/validation-api-1.1.0.Final.jar,hdfs://localhost:9000/user/vikram/datatorrent/apps/application_1488862535353_0026/kryo-2.24.0.jar,hdfs://localhost:9000/user/vikram/datatorrent/apps/application_1488862535353_0026/bval-jsr303-0.5.jar,hdfs://localhost:9000/user/vikram/datatorrent/apps/application_1488862535353_0026/bval-core-0.5.jar,hdfs://localhost:9000/user/vikram/datatorrent/apps/application_1488862535353_0026/commons-lang3-3.1.jar,hdfs://localhost:9000/user/vikram/datatorrent/apps/application_1488862535353_0026/mbassador-1.1.9.jar,hdfs://localhost:9000/user/vikram/datatorrent/apps/application_1488862535353_0026/apex-shaded-ning19-1.0.0.jar,hdfs://localhost:9000/user/vikram/datatorrent/apps/application_1488862535353_0026/jackson-core-asl-1.9.2.jar,hdfs://localhost:9000/user/vikram/datatorrent/apps/application_1488862535353_0026/jackson-mapper-asl-1.9.2.jar,hdfs://localhost:9000/user/vikram/datatorrent/apps/application_1488862535353_0026/commons-beanutils-1.8.3.jar,hdfs://localhost:9000/user/vikram/datatorrent/apps/application_1488862535353_0026/httpclient-4.3.5.jar,hdfs://localhost:9000/user/vikram/datatorrent/apps/application_1488862535353_0026/httpcore-4.3.2.jar,hdfs://localhost:9000/user/vikram/datatorrent/apps/application_1488862535353_0026/minlog-1.2.jar,hdfs://localhost:9000/user/vikram/datatorrent/apps/application_1488862535353_0026/xbean-asm5-shaded-4.3.jar,hdfs://localhost:9000/user/vikram/datatorrent/apps/application_1488862535353_0026/jersey-client-1.9.jar,hdfs://localhost:9000/user/vikram/datatorrent/apps/application_1488862535353_0026/jersey-apache-client4-1.9.jar,hdfs://localhost:9000/user/vikram/datatorrent/apps/application_1488862535353_0026/jctools-core-1.1.jar,hdfs://localhost:9000/user/vikram/datatorrent/apps/application_1488862535353_0026/py4j-0.8.1.jar
17/03/07 15:14:05 INFO stram.StramClient: Set the environment for the application master
17/03/07 15:14:05 INFO stram.StramClient: Setting up app master command
17/03/07 15:14:05 INFO stram.StramClient: Completed setting up app master command ${JAVA_HOME}/bin/java -Djava.io.tmpdir=$PWD/tmp -Xmx768m -XX:+HeapDumpOnOutOfMemoryError -XX:HeapDumpPath=/tmp/dt-heap-26.bin -Dhadoop.root.logger=INFO,RFA -Dhadoop.log.dir=<LOG_DIR> -Ddt.attr.APPLICATION_PATH=hdfs://localhost:9000/user/vikram/datatorrent/apps/application_1488862535353_0026 com.datatorrent.stram.StreamingAppMaster 1><LOG_DIR>/AppMaster.stdout 2><LOG_DIR>/AppMaster.stderr 
17/03/07 15:14:05 INFO stram.StramClient: Submitting application: {name=dummy, queue=null, user=vikram (auth:SIMPLE), resource=<memory:1024, vCores:0>}
17/03/07 15:14:05 INFO impl.YarnClientImpl: Submitted application application_1488862535353_0026
17/03/07 15:25:15 ERROR impl.ApexStreamImpl: Adding an operator[Lorg.apache.apex.malhar.stream.api.Option;@40868ba
17/03/07 15:25:15 ERROR impl.ApexStreamImpl: Adding Python generic  operator
17/03/07 15:25:15 ERROR impl.ApexStreamImpl: Adding an operator[Lorg.apache.apex.malhar.stream.api.Option;@317fd5ad
17/03/07 15:25:15 ERROR impl.ApexStreamImpl: Adding console operator
17/03/07 15:25:15 ERROR impl.ApexStreamImpl: Adding an operator[Lorg.apache.apex.malhar.stream.api.Option;@1cfe4382
17/03/07 15:25:15 ERROR python.PythonApp: Populating DAG in python app
17/03/07 15:25:15 ERROR python.PythonApp: DAG VALUE LIBRARY JARS/home/vikram/.m2/repository/net/sf/py4j/py4j/0.8.1/py4j-0.8.1.jar
17/03/07 15:25:15 INFO client.RMProxy: Connecting to ResourceManager at /0.0.0.0:8032
17/03/07 15:25:15 INFO stram.StramClient: Local jar file dependencies: [/home/vikram/.m2/repository/org/apache/apex/malhar-library/3.7.0-SNAPSHOT/malhar-library-3.7.0-SNAPSHOT.jar, /home/vikram/.m2/repository/org/apache/apex/malhar-stream/3.7.0-SNAPSHOT/malhar-stream-3.7.0-SNAPSHOT.jar, /home/vikram/.m2/repository/org/apache/apex/apex-api/3.6.0-SNAPSHOT/apex-api-3.6.0-SNAPSHOT.jar, /home/vikram/.m2/repository/org/apache/apex/apex-common/3.4.0/apex-common-3.4.0.jar, /home/vikram/.m2/repository/com/datatorrent/netlet/1.3.0/netlet-1.3.0.jar, /home/vikram/.m2/repository/org/apache/apex/apex-bufferserver/3.4.0/apex-bufferserver-3.4.0.jar, /home/vikram/.m2/repository/org/apache/apex/apex-engine/3.4.0/apex-engine-3.4.0.jar, /home/vikram/.m2/repository/javax/validation/validation-api/1.1.0.Final/validation-api-1.1.0.Final.jar, /home/vikram/.m2/repository/com/esotericsoftware/kryo/kryo/2.24.0/kryo-2.24.0.jar, /home/vikram/.m2/repository/org/apache/bval/bval-jsr303/0.5/bval-jsr303-0.5.jar, /home/vikram/.m2/repository/org/apache/bval/bval-core/0.5/bval-core-0.5.jar, /home/vikram/.m2/repository/org/apache/commons/commons-lang3/3.1/commons-lang3-3.1.jar, /home/vikram/.m2/repository/net/engio/mbassador/1.1.9/mbassador-1.1.9.jar, /home/vikram/.m2/repository/org/apache/apex/apex-shaded-ning19/1.0.0/apex-shaded-ning19-1.0.0.jar, /home/vikram/.m2/repository/org/codehaus/jackson/jackson-core-asl/1.9.2/jackson-core-asl-1.9.2.jar, /home/vikram/.m2/repository/org/codehaus/jackson/jackson-mapper-asl/1.9.2/jackson-mapper-asl-1.9.2.jar, /home/vikram/.m2/repository/commons-beanutils/commons-beanutils/1.8.3/commons-beanutils-1.8.3.jar, /home/vikram/.m2/repository/org/apache/httpcomponents/httpclient/4.3.5/httpclient-4.3.5.jar, /home/vikram/.m2/repository/org/apache/httpcomponents/httpcore/4.3.2/httpcore-4.3.2.jar, /home/vikram/.m2/repository/com/esotericsoftware/minlog/minlog/1.2/minlog-1.2.jar, /home/vikram/.m2/repository/org/apache/xbean/xbean-asm5-shaded/4.3/xbean-asm5-shaded-4.3.jar, /home/vikram/.m2/repository/com/sun/jersey/jersey-client/1.9/jersey-client-1.9.jar, /home/vikram/.m2/repository/com/sun/jersey/contribs/jersey-apache-client4/1.9/jersey-apache-client4-1.9.jar, /home/vikram/.m2/repository/org/jctools/jctools-core/1.1/jctools-core-1.1.jar, /home/vikram/.m2/repository/net/sf/py4j/py4j/0.8.1/py4j-0.8.1.jar]
17/03/07 15:25:15 INFO stram.StramClient: Got Cluster metric info from ASM, numNodeManagers=1
17/03/07 15:25:15 INFO stram.StramClient: User ACL Info for Queue queueName=root, userAcl=SUBMIT_APPLICATIONS
17/03/07 15:25:15 INFO stram.StramClient: User ACL Info for Queue queueName=root, userAcl=ADMINISTER_QUEUE
17/03/07 15:25:15 INFO stram.StramClient: User ACL Info for Queue queueName=default, userAcl=SUBMIT_APPLICATIONS
17/03/07 15:25:15 INFO stram.StramClient: User ACL Info for Queue queueName=default, userAcl=ADMINISTER_QUEUE
17/03/07 15:25:15 INFO stram.StramClient: Max mem capability of resources in this cluster 8192
17/03/07 15:25:15 INFO stram.StramClient: Setting up application submission context for ASM
17/03/07 15:25:15 INFO stram.StramClient: Copy /home/vikram/.m2/repository/org/apache/apex/malhar-library/3.7.0-SNAPSHOT/malhar-library-3.7.0-SNAPSHOT.jar from local filesystem to hdfs://localhost:9000/user/vikram/datatorrent/apps/application_1488862535353_0027/malhar-library-3.7.0-SNAPSHOT.jar
17/03/07 15:25:15 INFO stram.StramClient: Copy /home/vikram/.m2/repository/org/apache/apex/malhar-stream/3.7.0-SNAPSHOT/malhar-stream-3.7.0-SNAPSHOT.jar from local filesystem to hdfs://localhost:9000/user/vikram/datatorrent/apps/application_1488862535353_0027/malhar-stream-3.7.0-SNAPSHOT.jar
17/03/07 15:25:15 INFO stram.StramClient: Copy /home/vikram/.m2/repository/org/apache/apex/apex-api/3.6.0-SNAPSHOT/apex-api-3.6.0-SNAPSHOT.jar from local filesystem to hdfs://localhost:9000/user/vikram/datatorrent/apps/application_1488862535353_0027/apex-api-3.6.0-SNAPSHOT.jar
17/03/07 15:25:15 INFO stram.StramClient: Copy /home/vikram/.m2/repository/org/apache/apex/apex-common/3.4.0/apex-common-3.4.0.jar from local filesystem to hdfs://localhost:9000/user/vikram/datatorrent/apps/application_1488862535353_0027/apex-common-3.4.0.jar
17/03/07 15:25:15 INFO stram.StramClient: Copy /home/vikram/.m2/repository/com/datatorrent/netlet/1.3.0/netlet-1.3.0.jar from local filesystem to hdfs://localhost:9000/user/vikram/datatorrent/apps/application_1488862535353_0027/netlet-1.3.0.jar
17/03/07 15:25:15 INFO stram.StramClient: Copy /home/vikram/.m2/repository/org/apache/apex/apex-bufferserver/3.4.0/apex-bufferserver-3.4.0.jar from local filesystem to hdfs://localhost:9000/user/vikram/datatorrent/apps/application_1488862535353_0027/apex-bufferserver-3.4.0.jar
17/03/07 15:25:15 INFO stram.StramClient: Copy /home/vikram/.m2/repository/org/apache/apex/apex-engine/3.4.0/apex-engine-3.4.0.jar from local filesystem to hdfs://localhost:9000/user/vikram/datatorrent/apps/application_1488862535353_0027/apex-engine-3.4.0.jar
17/03/07 15:25:15 INFO stram.StramClient: Copy /home/vikram/.m2/repository/javax/validation/validation-api/1.1.0.Final/validation-api-1.1.0.Final.jar from local filesystem to hdfs://localhost:9000/user/vikram/datatorrent/apps/application_1488862535353_0027/validation-api-1.1.0.Final.jar
17/03/07 15:25:15 INFO stram.StramClient: Copy /home/vikram/.m2/repository/com/esotericsoftware/kryo/kryo/2.24.0/kryo-2.24.0.jar from local filesystem to hdfs://localhost:9000/user/vikram/datatorrent/apps/application_1488862535353_0027/kryo-2.24.0.jar
17/03/07 15:25:15 INFO stram.StramClient: Copy /home/vikram/.m2/repository/org/apache/bval/bval-jsr303/0.5/bval-jsr303-0.5.jar from local filesystem to hdfs://localhost:9000/user/vikram/datatorrent/apps/application_1488862535353_0027/bval-jsr303-0.5.jar
17/03/07 15:25:15 INFO stram.StramClient: Copy /home/vikram/.m2/repository/org/apache/bval/bval-core/0.5/bval-core-0.5.jar from local filesystem to hdfs://localhost:9000/user/vikram/datatorrent/apps/application_1488862535353_0027/bval-core-0.5.jar
17/03/07 15:25:15 INFO stram.StramClient: Copy /home/vikram/.m2/repository/org/apache/commons/commons-lang3/3.1/commons-lang3-3.1.jar from local filesystem to hdfs://localhost:9000/user/vikram/datatorrent/apps/application_1488862535353_0027/commons-lang3-3.1.jar
17/03/07 15:25:15 INFO stram.StramClient: Copy /home/vikram/.m2/repository/net/engio/mbassador/1.1.9/mbassador-1.1.9.jar from local filesystem to hdfs://localhost:9000/user/vikram/datatorrent/apps/application_1488862535353_0027/mbassador-1.1.9.jar
17/03/07 15:25:15 INFO stram.StramClient: Copy /home/vikram/.m2/repository/org/apache/apex/apex-shaded-ning19/1.0.0/apex-shaded-ning19-1.0.0.jar from local filesystem to hdfs://localhost:9000/user/vikram/datatorrent/apps/application_1488862535353_0027/apex-shaded-ning19-1.0.0.jar
17/03/07 15:25:15 INFO stram.StramClient: Copy /home/vikram/.m2/repository/org/codehaus/jackson/jackson-core-asl/1.9.2/jackson-core-asl-1.9.2.jar from local filesystem to hdfs://localhost:9000/user/vikram/datatorrent/apps/application_1488862535353_0027/jackson-core-asl-1.9.2.jar
17/03/07 15:25:15 INFO stram.StramClient: Copy /home/vikram/.m2/repository/org/codehaus/jackson/jackson-mapper-asl/1.9.2/jackson-mapper-asl-1.9.2.jar from local filesystem to hdfs://localhost:9000/user/vikram/datatorrent/apps/application_1488862535353_0027/jackson-mapper-asl-1.9.2.jar
17/03/07 15:25:15 INFO stram.StramClient: Copy /home/vikram/.m2/repository/commons-beanutils/commons-beanutils/1.8.3/commons-beanutils-1.8.3.jar from local filesystem to hdfs://localhost:9000/user/vikram/datatorrent/apps/application_1488862535353_0027/commons-beanutils-1.8.3.jar
17/03/07 15:25:15 INFO stram.StramClient: Copy /home/vikram/.m2/repository/org/apache/httpcomponents/httpclient/4.3.5/httpclient-4.3.5.jar from local filesystem to hdfs://localhost:9000/user/vikram/datatorrent/apps/application_1488862535353_0027/httpclient-4.3.5.jar
17/03/07 15:25:15 INFO stram.StramClient: Copy /home/vikram/.m2/repository/org/apache/httpcomponents/httpcore/4.3.2/httpcore-4.3.2.jar from local filesystem to hdfs://localhost:9000/user/vikram/datatorrent/apps/application_1488862535353_0027/httpcore-4.3.2.jar
17/03/07 15:25:15 INFO stram.StramClient: Copy /home/vikram/.m2/repository/com/esotericsoftware/minlog/minlog/1.2/minlog-1.2.jar from local filesystem to hdfs://localhost:9000/user/vikram/datatorrent/apps/application_1488862535353_0027/minlog-1.2.jar
17/03/07 15:25:15 INFO stram.StramClient: Copy /home/vikram/.m2/repository/org/apache/xbean/xbean-asm5-shaded/4.3/xbean-asm5-shaded-4.3.jar from local filesystem to hdfs://localhost:9000/user/vikram/datatorrent/apps/application_1488862535353_0027/xbean-asm5-shaded-4.3.jar
17/03/07 15:25:15 INFO stram.StramClient: Copy /home/vikram/.m2/repository/com/sun/jersey/jersey-client/1.9/jersey-client-1.9.jar from local filesystem to hdfs://localhost:9000/user/vikram/datatorrent/apps/application_1488862535353_0027/jersey-client-1.9.jar
17/03/07 15:25:15 INFO stram.StramClient: Copy /home/vikram/.m2/repository/com/sun/jersey/contribs/jersey-apache-client4/1.9/jersey-apache-client4-1.9.jar from local filesystem to hdfs://localhost:9000/user/vikram/datatorrent/apps/application_1488862535353_0027/jersey-apache-client4-1.9.jar
17/03/07 15:25:15 INFO stram.StramClient: Copy /home/vikram/.m2/repository/org/jctools/jctools-core/1.1/jctools-core-1.1.jar from local filesystem to hdfs://localhost:9000/user/vikram/datatorrent/apps/application_1488862535353_0027/jctools-core-1.1.jar
17/03/07 15:25:15 INFO stram.StramClient: Copy /home/vikram/.m2/repository/net/sf/py4j/py4j/0.8.1/py4j-0.8.1.jar from local filesystem to hdfs://localhost:9000/user/vikram/datatorrent/apps/application_1488862535353_0027/py4j-0.8.1.jar
17/03/07 15:25:15 INFO stram.StramClient: libjars: hdfs://localhost:9000/user/vikram/datatorrent/apps/application_1488862535353_0027/malhar-library-3.7.0-SNAPSHOT.jar,hdfs://localhost:9000/user/vikram/datatorrent/apps/application_1488862535353_0027/malhar-stream-3.7.0-SNAPSHOT.jar,hdfs://localhost:9000/user/vikram/datatorrent/apps/application_1488862535353_0027/apex-api-3.6.0-SNAPSHOT.jar,hdfs://localhost:9000/user/vikram/datatorrent/apps/application_1488862535353_0027/apex-common-3.4.0.jar,hdfs://localhost:9000/user/vikram/datatorrent/apps/application_1488862535353_0027/netlet-1.3.0.jar,hdfs://localhost:9000/user/vikram/datatorrent/apps/application_1488862535353_0027/apex-bufferserver-3.4.0.jar,hdfs://localhost:9000/user/vikram/datatorrent/apps/application_1488862535353_0027/apex-engine-3.4.0.jar,hdfs://localhost:9000/user/vikram/datatorrent/apps/application_1488862535353_0027/validation-api-1.1.0.Final.jar,hdfs://localhost:9000/user/vikram/datatorrent/apps/application_1488862535353_0027/kryo-2.24.0.jar,hdfs://localhost:9000/user/vikram/datatorrent/apps/application_1488862535353_0027/bval-jsr303-0.5.jar,hdfs://localhost:9000/user/vikram/datatorrent/apps/application_1488862535353_0027/bval-core-0.5.jar,hdfs://localhost:9000/user/vikram/datatorrent/apps/application_1488862535353_0027/commons-lang3-3.1.jar,hdfs://localhost:9000/user/vikram/datatorrent/apps/application_1488862535353_0027/mbassador-1.1.9.jar,hdfs://localhost:9000/user/vikram/datatorrent/apps/application_1488862535353_0027/apex-shaded-ning19-1.0.0.jar,hdfs://localhost:9000/user/vikram/datatorrent/apps/application_1488862535353_0027/jackson-core-asl-1.9.2.jar,hdfs://localhost:9000/user/vikram/datatorrent/apps/application_1488862535353_0027/jackson-mapper-asl-1.9.2.jar,hdfs://localhost:9000/user/vikram/datatorrent/apps/application_1488862535353_0027/commons-beanutils-1.8.3.jar,hdfs://localhost:9000/user/vikram/datatorrent/apps/application_1488862535353_0027/httpclient-4.3.5.jar,hdfs://localhost:9000/user/vikram/datatorrent/apps/application_1488862535353_0027/httpcore-4.3.2.jar,hdfs://localhost:9000/user/vikram/datatorrent/apps/application_1488862535353_0027/minlog-1.2.jar,hdfs://localhost:9000/user/vikram/datatorrent/apps/application_1488862535353_0027/xbean-asm5-shaded-4.3.jar,hdfs://localhost:9000/user/vikram/datatorrent/apps/application_1488862535353_0027/jersey-client-1.9.jar,hdfs://localhost:9000/user/vikram/datatorrent/apps/application_1488862535353_0027/jersey-apache-client4-1.9.jar,hdfs://localhost:9000/user/vikram/datatorrent/apps/application_1488862535353_0027/jctools-core-1.1.jar,hdfs://localhost:9000/user/vikram/datatorrent/apps/application_1488862535353_0027/py4j-0.8.1.jar
17/03/07 15:25:15 INFO stram.StramClient: Set the environment for the application master
17/03/07 15:25:15 INFO stram.StramClient: Setting up app master command
17/03/07 15:25:15 INFO stram.StramClient: Completed setting up app master command ${JAVA_HOME}/bin/java -Djava.io.tmpdir=$PWD/tmp -Xmx768m -XX:+HeapDumpOnOutOfMemoryError -XX:HeapDumpPath=/tmp/dt-heap-27.bin -Dhadoop.root.logger=INFO,RFA -Dhadoop.log.dir=<LOG_DIR> -Ddt.attr.APPLICATION_PATH=hdfs://localhost:9000/user/vikram/datatorrent/apps/application_1488862535353_0027 com.datatorrent.stram.StreamingAppMaster 1><LOG_DIR>/AppMaster.stdout 2><LOG_DIR>/AppMaster.stderr 
17/03/07 15:25:15 INFO stram.StramClient: Submitting application: {name=dummy, queue=null, user=vikram (auth:SIMPLE), resource=<memory:1024, vCores:0>}
17/03/07 15:25:15 INFO impl.YarnClientImpl: Submitted application application_1488862535353_0027
17/03/07 15:42:44 ERROR impl.ApexStreamImpl: Adding an operator[Lorg.apache.apex.malhar.stream.api.Option;@3ef63b77
17/03/07 15:42:44 ERROR impl.ApexStreamImpl: Adding Python generic  operator
17/03/07 15:42:44 ERROR impl.ApexStreamImpl: Adding an operator[Lorg.apache.apex.malhar.stream.api.Option;@20506187
17/03/07 15:42:44 ERROR impl.ApexStreamImpl: Adding console operator
17/03/07 15:42:44 ERROR impl.ApexStreamImpl: Adding an operator[Lorg.apache.apex.malhar.stream.api.Option;@55950722
17/03/07 15:42:44 ERROR python.PythonApp: Populating DAG in python app
17/03/07 15:42:44 ERROR python.PythonApp: DAG VALUE LIBRARY JARS/home/vikram/.m2/repository/net/sf/py4j/py4j/0.8.1/py4j-0.8.1.jar
17/03/07 15:42:44 INFO client.RMProxy: Connecting to ResourceManager at /0.0.0.0:8032
17/03/07 15:42:44 INFO stram.StramClient: Local jar file dependencies: [/home/vikram/.m2/repository/org/apache/apex/malhar-library/3.7.0-SNAPSHOT/malhar-library-3.7.0-SNAPSHOT.jar, /home/vikram/.m2/repository/org/apache/apex/malhar-stream/3.7.0-SNAPSHOT/malhar-stream-3.7.0-SNAPSHOT.jar, /home/vikram/.m2/repository/org/apache/apex/apex-api/3.6.0-SNAPSHOT/apex-api-3.6.0-SNAPSHOT.jar, /home/vikram/.m2/repository/org/apache/apex/apex-common/3.4.0/apex-common-3.4.0.jar, /home/vikram/.m2/repository/com/datatorrent/netlet/1.3.0/netlet-1.3.0.jar, /home/vikram/.m2/repository/org/apache/apex/apex-bufferserver/3.4.0/apex-bufferserver-3.4.0.jar, /home/vikram/.m2/repository/org/apache/apex/apex-engine/3.4.0/apex-engine-3.4.0.jar, /home/vikram/.m2/repository/javax/validation/validation-api/1.1.0.Final/validation-api-1.1.0.Final.jar, /home/vikram/.m2/repository/com/esotericsoftware/kryo/kryo/2.24.0/kryo-2.24.0.jar, /home/vikram/.m2/repository/org/apache/bval/bval-jsr303/0.5/bval-jsr303-0.5.jar, /home/vikram/.m2/repository/org/apache/bval/bval-core/0.5/bval-core-0.5.jar, /home/vikram/.m2/repository/org/apache/commons/commons-lang3/3.1/commons-lang3-3.1.jar, /home/vikram/.m2/repository/net/engio/mbassador/1.1.9/mbassador-1.1.9.jar, /home/vikram/.m2/repository/org/apache/apex/apex-shaded-ning19/1.0.0/apex-shaded-ning19-1.0.0.jar, /home/vikram/.m2/repository/org/codehaus/jackson/jackson-core-asl/1.9.2/jackson-core-asl-1.9.2.jar, /home/vikram/.m2/repository/org/codehaus/jackson/jackson-mapper-asl/1.9.2/jackson-mapper-asl-1.9.2.jar, /home/vikram/.m2/repository/commons-beanutils/commons-beanutils/1.8.3/commons-beanutils-1.8.3.jar, /home/vikram/.m2/repository/org/apache/httpcomponents/httpclient/4.3.5/httpclient-4.3.5.jar, /home/vikram/.m2/repository/org/apache/httpcomponents/httpcore/4.3.2/httpcore-4.3.2.jar, /home/vikram/.m2/repository/com/esotericsoftware/minlog/minlog/1.2/minlog-1.2.jar, /home/vikram/.m2/repository/org/apache/xbean/xbean-asm5-shaded/4.3/xbean-asm5-shaded-4.3.jar, /home/vikram/.m2/repository/com/sun/jersey/jersey-client/1.9/jersey-client-1.9.jar, /home/vikram/.m2/repository/com/sun/jersey/contribs/jersey-apache-client4/1.9/jersey-apache-client4-1.9.jar, /home/vikram/.m2/repository/org/jctools/jctools-core/1.1/jctools-core-1.1.jar, /home/vikram/.m2/repository/net/sf/py4j/py4j/0.8.1/py4j-0.8.1.jar]
17/03/07 15:42:44 INFO stram.StramClient: Got Cluster metric info from ASM, numNodeManagers=1
17/03/07 15:42:44 INFO stram.StramClient: User ACL Info for Queue queueName=root, userAcl=SUBMIT_APPLICATIONS
17/03/07 15:42:44 INFO stram.StramClient: User ACL Info for Queue queueName=root, userAcl=ADMINISTER_QUEUE
17/03/07 15:42:44 INFO stram.StramClient: User ACL Info for Queue queueName=default, userAcl=SUBMIT_APPLICATIONS
17/03/07 15:42:44 INFO stram.StramClient: User ACL Info for Queue queueName=default, userAcl=ADMINISTER_QUEUE
17/03/07 15:42:44 INFO stram.StramClient: Max mem capability of resources in this cluster 8192
17/03/07 15:42:44 INFO stram.StramClient: Setting up application submission context for ASM
17/03/07 15:42:44 INFO stram.StramClient: Copy /home/vikram/.m2/repository/org/apache/apex/malhar-library/3.7.0-SNAPSHOT/malhar-library-3.7.0-SNAPSHOT.jar from local filesystem to hdfs://localhost:9000/user/vikram/datatorrent/apps/application_1488862535353_0028/malhar-library-3.7.0-SNAPSHOT.jar
17/03/07 15:42:44 INFO stram.StramClient: Copy /home/vikram/.m2/repository/org/apache/apex/malhar-stream/3.7.0-SNAPSHOT/malhar-stream-3.7.0-SNAPSHOT.jar from local filesystem to hdfs://localhost:9000/user/vikram/datatorrent/apps/application_1488862535353_0028/malhar-stream-3.7.0-SNAPSHOT.jar
17/03/07 15:42:44 INFO stram.StramClient: Copy /home/vikram/.m2/repository/org/apache/apex/apex-api/3.6.0-SNAPSHOT/apex-api-3.6.0-SNAPSHOT.jar from local filesystem to hdfs://localhost:9000/user/vikram/datatorrent/apps/application_1488862535353_0028/apex-api-3.6.0-SNAPSHOT.jar
17/03/07 15:42:44 INFO stram.StramClient: Copy /home/vikram/.m2/repository/org/apache/apex/apex-common/3.4.0/apex-common-3.4.0.jar from local filesystem to hdfs://localhost:9000/user/vikram/datatorrent/apps/application_1488862535353_0028/apex-common-3.4.0.jar
17/03/07 15:42:44 INFO stram.StramClient: Copy /home/vikram/.m2/repository/com/datatorrent/netlet/1.3.0/netlet-1.3.0.jar from local filesystem to hdfs://localhost:9000/user/vikram/datatorrent/apps/application_1488862535353_0028/netlet-1.3.0.jar
17/03/07 15:42:44 INFO stram.StramClient: Copy /home/vikram/.m2/repository/org/apache/apex/apex-bufferserver/3.4.0/apex-bufferserver-3.4.0.jar from local filesystem to hdfs://localhost:9000/user/vikram/datatorrent/apps/application_1488862535353_0028/apex-bufferserver-3.4.0.jar
17/03/07 15:42:44 INFO stram.StramClient: Copy /home/vikram/.m2/repository/org/apache/apex/apex-engine/3.4.0/apex-engine-3.4.0.jar from local filesystem to hdfs://localhost:9000/user/vikram/datatorrent/apps/application_1488862535353_0028/apex-engine-3.4.0.jar
17/03/07 15:42:44 INFO stram.StramClient: Copy /home/vikram/.m2/repository/javax/validation/validation-api/1.1.0.Final/validation-api-1.1.0.Final.jar from local filesystem to hdfs://localhost:9000/user/vikram/datatorrent/apps/application_1488862535353_0028/validation-api-1.1.0.Final.jar
17/03/07 15:42:44 INFO stram.StramClient: Copy /home/vikram/.m2/repository/com/esotericsoftware/kryo/kryo/2.24.0/kryo-2.24.0.jar from local filesystem to hdfs://localhost:9000/user/vikram/datatorrent/apps/application_1488862535353_0028/kryo-2.24.0.jar
17/03/07 15:42:44 INFO stram.StramClient: Copy /home/vikram/.m2/repository/org/apache/bval/bval-jsr303/0.5/bval-jsr303-0.5.jar from local filesystem to hdfs://localhost:9000/user/vikram/datatorrent/apps/application_1488862535353_0028/bval-jsr303-0.5.jar
17/03/07 15:42:44 INFO stram.StramClient: Copy /home/vikram/.m2/repository/org/apache/bval/bval-core/0.5/bval-core-0.5.jar from local filesystem to hdfs://localhost:9000/user/vikram/datatorrent/apps/application_1488862535353_0028/bval-core-0.5.jar
17/03/07 15:42:44 INFO stram.StramClient: Copy /home/vikram/.m2/repository/org/apache/commons/commons-lang3/3.1/commons-lang3-3.1.jar from local filesystem to hdfs://localhost:9000/user/vikram/datatorrent/apps/application_1488862535353_0028/commons-lang3-3.1.jar
17/03/07 15:42:44 INFO stram.StramClient: Copy /home/vikram/.m2/repository/net/engio/mbassador/1.1.9/mbassador-1.1.9.jar from local filesystem to hdfs://localhost:9000/user/vikram/datatorrent/apps/application_1488862535353_0028/mbassador-1.1.9.jar
17/03/07 15:42:44 INFO stram.StramClient: Copy /home/vikram/.m2/repository/org/apache/apex/apex-shaded-ning19/1.0.0/apex-shaded-ning19-1.0.0.jar from local filesystem to hdfs://localhost:9000/user/vikram/datatorrent/apps/application_1488862535353_0028/apex-shaded-ning19-1.0.0.jar
17/03/07 15:42:44 INFO stram.StramClient: Copy /home/vikram/.m2/repository/org/codehaus/jackson/jackson-core-asl/1.9.2/jackson-core-asl-1.9.2.jar from local filesystem to hdfs://localhost:9000/user/vikram/datatorrent/apps/application_1488862535353_0028/jackson-core-asl-1.9.2.jar
17/03/07 15:42:44 INFO stram.StramClient: Copy /home/vikram/.m2/repository/org/codehaus/jackson/jackson-mapper-asl/1.9.2/jackson-mapper-asl-1.9.2.jar from local filesystem to hdfs://localhost:9000/user/vikram/datatorrent/apps/application_1488862535353_0028/jackson-mapper-asl-1.9.2.jar
17/03/07 15:42:44 INFO stram.StramClient: Copy /home/vikram/.m2/repository/commons-beanutils/commons-beanutils/1.8.3/commons-beanutils-1.8.3.jar from local filesystem to hdfs://localhost:9000/user/vikram/datatorrent/apps/application_1488862535353_0028/commons-beanutils-1.8.3.jar
17/03/07 15:42:44 INFO stram.StramClient: Copy /home/vikram/.m2/repository/org/apache/httpcomponents/httpclient/4.3.5/httpclient-4.3.5.jar from local filesystem to hdfs://localhost:9000/user/vikram/datatorrent/apps/application_1488862535353_0028/httpclient-4.3.5.jar
17/03/07 15:42:44 INFO stram.StramClient: Copy /home/vikram/.m2/repository/org/apache/httpcomponents/httpcore/4.3.2/httpcore-4.3.2.jar from local filesystem to hdfs://localhost:9000/user/vikram/datatorrent/apps/application_1488862535353_0028/httpcore-4.3.2.jar
17/03/07 15:42:44 INFO stram.StramClient: Copy /home/vikram/.m2/repository/com/esotericsoftware/minlog/minlog/1.2/minlog-1.2.jar from local filesystem to hdfs://localhost:9000/user/vikram/datatorrent/apps/application_1488862535353_0028/minlog-1.2.jar
17/03/07 15:42:44 INFO stram.StramClient: Copy /home/vikram/.m2/repository/org/apache/xbean/xbean-asm5-shaded/4.3/xbean-asm5-shaded-4.3.jar from local filesystem to hdfs://localhost:9000/user/vikram/datatorrent/apps/application_1488862535353_0028/xbean-asm5-shaded-4.3.jar
17/03/07 15:42:44 INFO stram.StramClient: Copy /home/vikram/.m2/repository/com/sun/jersey/jersey-client/1.9/jersey-client-1.9.jar from local filesystem to hdfs://localhost:9000/user/vikram/datatorrent/apps/application_1488862535353_0028/jersey-client-1.9.jar
17/03/07 15:42:44 INFO stram.StramClient: Copy /home/vikram/.m2/repository/com/sun/jersey/contribs/jersey-apache-client4/1.9/jersey-apache-client4-1.9.jar from local filesystem to hdfs://localhost:9000/user/vikram/datatorrent/apps/application_1488862535353_0028/jersey-apache-client4-1.9.jar
17/03/07 15:42:44 INFO stram.StramClient: Copy /home/vikram/.m2/repository/org/jctools/jctools-core/1.1/jctools-core-1.1.jar from local filesystem to hdfs://localhost:9000/user/vikram/datatorrent/apps/application_1488862535353_0028/jctools-core-1.1.jar
17/03/07 15:42:44 INFO stram.StramClient: Copy /home/vikram/.m2/repository/net/sf/py4j/py4j/0.8.1/py4j-0.8.1.jar from local filesystem to hdfs://localhost:9000/user/vikram/datatorrent/apps/application_1488862535353_0028/py4j-0.8.1.jar
17/03/07 15:42:44 INFO stram.StramClient: libjars: hdfs://localhost:9000/user/vikram/datatorrent/apps/application_1488862535353_0028/malhar-library-3.7.0-SNAPSHOT.jar,hdfs://localhost:9000/user/vikram/datatorrent/apps/application_1488862535353_0028/malhar-stream-3.7.0-SNAPSHOT.jar,hdfs://localhost:9000/user/vikram/datatorrent/apps/application_1488862535353_0028/apex-api-3.6.0-SNAPSHOT.jar,hdfs://localhost:9000/user/vikram/datatorrent/apps/application_1488862535353_0028/apex-common-3.4.0.jar,hdfs://localhost:9000/user/vikram/datatorrent/apps/application_1488862535353_0028/netlet-1.3.0.jar,hdfs://localhost:9000/user/vikram/datatorrent/apps/application_1488862535353_0028/apex-bufferserver-3.4.0.jar,hdfs://localhost:9000/user/vikram/datatorrent/apps/application_1488862535353_0028/apex-engine-3.4.0.jar,hdfs://localhost:9000/user/vikram/datatorrent/apps/application_1488862535353_0028/validation-api-1.1.0.Final.jar,hdfs://localhost:9000/user/vikram/datatorrent/apps/application_1488862535353_0028/kryo-2.24.0.jar,hdfs://localhost:9000/user/vikram/datatorrent/apps/application_1488862535353_0028/bval-jsr303-0.5.jar,hdfs://localhost:9000/user/vikram/datatorrent/apps/application_1488862535353_0028/bval-core-0.5.jar,hdfs://localhost:9000/user/vikram/datatorrent/apps/application_1488862535353_0028/commons-lang3-3.1.jar,hdfs://localhost:9000/user/vikram/datatorrent/apps/application_1488862535353_0028/mbassador-1.1.9.jar,hdfs://localhost:9000/user/vikram/datatorrent/apps/application_1488862535353_0028/apex-shaded-ning19-1.0.0.jar,hdfs://localhost:9000/user/vikram/datatorrent/apps/application_1488862535353_0028/jackson-core-asl-1.9.2.jar,hdfs://localhost:9000/user/vikram/datatorrent/apps/application_1488862535353_0028/jackson-mapper-asl-1.9.2.jar,hdfs://localhost:9000/user/vikram/datatorrent/apps/application_1488862535353_0028/commons-beanutils-1.8.3.jar,hdfs://localhost:9000/user/vikram/datatorrent/apps/application_1488862535353_0028/httpclient-4.3.5.jar,hdfs://localhost:9000/user/vikram/datatorrent/apps/application_1488862535353_0028/httpcore-4.3.2.jar,hdfs://localhost:9000/user/vikram/datatorrent/apps/application_1488862535353_0028/minlog-1.2.jar,hdfs://localhost:9000/user/vikram/datatorrent/apps/application_1488862535353_0028/xbean-asm5-shaded-4.3.jar,hdfs://localhost:9000/user/vikram/datatorrent/apps/application_1488862535353_0028/jersey-client-1.9.jar,hdfs://localhost:9000/user/vikram/datatorrent/apps/application_1488862535353_0028/jersey-apache-client4-1.9.jar,hdfs://localhost:9000/user/vikram/datatorrent/apps/application_1488862535353_0028/jctools-core-1.1.jar,hdfs://localhost:9000/user/vikram/datatorrent/apps/application_1488862535353_0028/py4j-0.8.1.jar
17/03/07 15:42:44 INFO stram.StramClient: Set the environment for the application master
17/03/07 15:42:44 INFO stram.StramClient: Setting up app master command
17/03/07 15:42:44 INFO stram.StramClient: Completed setting up app master command ${JAVA_HOME}/bin/java -Djava.io.tmpdir=$PWD/tmp -Xmx768m -XX:+HeapDumpOnOutOfMemoryError -XX:HeapDumpPath=/tmp/dt-heap-28.bin -Dhadoop.root.logger=INFO,RFA -Dhadoop.log.dir=<LOG_DIR> -Ddt.attr.APPLICATION_PATH=hdfs://localhost:9000/user/vikram/datatorrent/apps/application_1488862535353_0028 com.datatorrent.stram.StreamingAppMaster 1><LOG_DIR>/AppMaster.stdout 2><LOG_DIR>/AppMaster.stderr 
17/03/07 15:42:44 INFO stram.StramClient: Submitting application: {name=dummy, queue=null, user=vikram (auth:SIMPLE), resource=<memory:1024, vCores:0>}
17/03/07 15:42:44 INFO impl.YarnClientImpl: Submitted application application_1488862535353_0028
